ARPA:ARPA0,BBH2,BTL1,CMU1,LC2,MICH2,WH2
BBH:ARPA2,BBH0,BTL2,CMU1,DART2,HARV2,LC1,MAG1,MICH3,SRI3,SU2,WH2
BTL:ARPA1,BBH2,BTL0,CMU2,DART2,HARV2,ILL2,LC1,MAG3,MICH1,SRI3,UTAH3,WH3
CMU:ARPA1,BBH1,BTL2,CMU0,DART3,HARV3,ILL2,LC2,MAG2,MICH3,RAND3,SDC2,SRI4,SU3,UCB4,UCLA3,UTAH3,WH1
DART:ARPA3,BBH2,BTL2,CMU3,DART0,HARV1,ILL2,LC2,MAG1,MICH1,RAND4,SRI2,SU2,UCB3,UCLA4,UCSB3,UTAH3,WH3
HARV:ARPA3,BBH2,BTL2,CMU3,DART1,HARV0,ILL3,LC1,MAG2,MICH2,RAND5,SDC3,SRI1,SU3,UCB2,UCLA2,UCSB3,UTAH3,WH4
ILL:ARPA3,BTL2,CMU2,DART2,HARV3,ILL0,LC3,MAG3,MICH1,RAND2,SDC2,UCB2,UTAH1,WH1
LC:ARPA2,BBH1,BTL1,CMU2,DART2,HARV1,LC0,MAG2,MICH2,SRI2
MAG:ARPA3,BBH1,BTL3,CMU2,DART1,HARV2,LC2,MAG0,MICH2,RAND3,SRI3,SU1,UCB2,UCLA3,UCSB2,UTAH3,WH3
MICH:ARPA2,BTL1,DART1,HARV2,ILL1,LC2,MAG2,MICH0,UTAH2,WH2
RAND:ILL2,RAND0,SDC1,SU2,UCB2,UCLA2,UCSB1,UTAH1,WH2
SDC:ARPA3,BBH3,BTL4,CMU2,DART4,HARV3,ILL2,LC4,MAG5,MICH3,RAND1,SDC0,SRI2,SU3,UCB3,UCLA1,UCSB2,UTAH2,WH1
SRI:DART2,HARV1,LC2,SDC2,SRI0,SU2,UCB1,UCLA1,UCSB2,UTAH2
SU:BBH2,DART2,MAG1,RAND2,SRI2,SU0,UCB1,UCLA2,UCSB1,UTAH2
UCB:ARPA5,BBH3,BTL4,CMU4,DART3,HARV2,ILL2,LC3,MAG2,MICH3,RAND2,SDC3,SRI1,SU1,UCB0,UCLA2,UCSB2,UTAH1,WH3
UCLA:DART3,HARV2,LC3,RAND2,SDC1,SRI1,SU2,UCB2,UCLA0,UCSB1,UTAH3,WH2
UCSB:BBH3,DART3,HARV3,ILL3,LC4,MAG2,RAND1,SDC2,SRI2,SU1,UCB2,UCLA1,UCSB0,UTAH2,WH3
UTAH:ARPA4,BTL3,CMU3,DART3,HARV4,ILL1,LC4,MAG4,MICH2,RAND1,SDC2,SRI2,SU2,UCB1,UCLA3,UCSB2,UTAH0,WH2
WH:ARPA2,BBH2,BTL3,CMU1,DART3,HARV4,ILL1,LC4,MAG4,MICH2,RAND2,SDC1,UCB3,UCLA2,UTAH2,WH0
-----
ARPA:ARPA0,BBH2,BTL1,CMU1,DART3,HARV3,ILL3,LC2,MAG3,MICH2,RAND4,SDC3,SRI4,SU4,UCB5,UCLA4,UTAH4,WH2
BBH:ARPA2,BBH0,BTL2,CMU1,DART2,HARV2,ILL3,LC1,MAG1,MICH3,RAND4,SDC3,SRI3,SU2,UCB3,UCLA4,UCSB3,UTAH4,WH2
BTL:ARPA1,BBH2,BTL0,CMU2,DART2,HARV2,ILL2,LC1,MAG3,MICH1,RAND4,SDC4,SRI3,SU4,UCB4,UCLA4,UCSB5,UTAH3,WH3
CMU:ARPA1,BBH1,BTL2,CMU0,DART3,HARV3,ILL2,LC2,MAG2,MICH3,RAND3,SDC2,SRI4,SU3,UCB4,UCLA3,UCSB4,UTAH3,WH1
DART:ARPA3,BBH2,BTL2,CMU3,DART0,HARV1,ILL2,LC2,MAG1,MICH1,RAND4,SDC4,SRI2,SU2,UCB3,UCLA3,UCSB3,UTAH3,WH3
HARV:ARPA3,BBH2,BTL2,CMU3,DART1,HARV0,ILL3,LC1,MAG2,MICH2,RAND4,SDC3,SRI1,SU3,UCB2,UCLA2,UCSB3,UTAH3,WH4
ILL:ARPA3,BBH3,BTL2,CMU2,DART2,HARV3,ILL0,LC3,MAG3,MICH1,RAND2,SDC2,SRI3,SU3,UCB2,UCLA3,UCSB3,UTAH1,WH1
LC:ARPA2,BBH1,BTL1,CMU2,DART2,HARV1,ILL3,LC0,MAG2,MICH2,RAND6,SDC4,SRI2,SU3,UCB3,UCLA3,UCSB4,UTAH4,WH3
MAG:ARPA3,BBH1,BTL3,CMU2,DART1,HARV2,ILL3,LC2,MAG0,MICH2,RAND3,SDC4,SRI3,SU1,UCB2,UCLA3,UCSB2,UTAH3,WH3
MICH:ARPA2,BBH3,BTL1,CMU3,DART1,HARV2,ILL1,LC2,MAG2,MICH0,RAND3,SDC3,SRI3,SU3,UCB3,UCLA5,UCSB4,UTAH2,WH2
RAND:ARPA4,BBH4,BTL4,CMU3,DART4,HARV4,ILL2,LC5,MAG3,MICH3,RAND0,SDC1,SRI3,SU2,UCB2,UCLA2,UCSB1,UTAH1,WH2
SDC:ARPA3,BBH3,BTL4,CMU2,DART4,HARV3,ILL2,LC4,MAG4,MICH3,RAND1,SDC0,SRI2,SU3,UCB3,UCLA1,UCSB2,UTAH2,WH1
SRI:ARPA4,BBH3,BTL3,CMU4,DART2,HARV1,ILL3,LC2,MAG3,MICH3,RAND3,SDC2,SRI0,SU2,UCB1,UCLA1,UCSB2,UTAH2,WH3
SU:ARPA4,BBH2,BTL4,CMU3,DART2,HARV3,ILL3,LC3,MAG1,MICH3,RAND2,SDC3,SRI2,SU0,UCB1,UCLA2,UCSB1,UTAH2,WH4
UCB:ARPA5,BBH3,BTL4,CMU4,DART3,HARV2,ILL2,LC3,MAG2,MICH3,RAND2,SDC3,SRI1,SU1,UCB0,UCLA2,UCSB2,UTAH1,WH3
UCLA:ARPA4,BBH4,BTL4,CMU3,DART3,HARV2,ILL3,LC3,MAG3,MICH4,RAND2,SDC1,SRI1,SU2,UCB2,UCLA0,UCSB1,UTAH3,WH2
UCSB:ARPA5,BBH3,BTL5,CMU4,DART3,HARV3,ILL3,LC4,MAG2,MICH4,RAND1,SDC2,SRI2,SU1,UCB2,UCLA1,UCSB0,UTAH2,WH3
UTAH:ARPA4,BBH4,BTL3,CMU3,DART3,HARV3,ILL1,LC4,MAG3,MICH2,RAND1,SDC2,SRI2,SU2,UCB1,UCLA3,UCSB2,UTAH0,WH2
WH:ARPA2,BBH2,BTL3,CMU1,DART3,HARV4,ILL1,LC3,MAG3,MICH2,RAND2,SDC1,SRI3,SU4,UCB3,UCLA2,UCSB3,UTAH2,WH0
-----
ARPA:ARPA0,BBH2,BTL1,CMU1,DART3,HARV3,ILL3,LC2,MAG3,MICH2,RAND4,SDC3,SRI4,SU4,UCB5,UCLA4,UCSB5,UTAH4,WH2
BBH:ARPA2,BBH0,BTL2,CMU1,DART2,HARV2,ILL3,LC1,MAG1,MICH3,RAND4,SDC3,SRI3,SU2,UCB3,UCLA4,UCSB3,UTAH4,WH2
BTL:ARPA1,BBH2,BTL0,CMU2,DART2,HARV2,ILL2,LC1,MAG3,MICH1,RAND4,SDC4,SRI3,SU4,UCB4,UCLA4,UCSB5,UTAH3,WH3
CMU:ARPA1,BBH1,BTL2,CMU0,DART3,HARV3,ILL2,LC2,MAG2,MICH3,RAND3,SDC2,SRI4,SU3,UCB4,UCLA3,UCSB4,UTAH3,WH1
DART:ARPA3,BBH2,BTL2,CMU3,DART0,HARV1,ILL2,LC2,MAG1,MICH1,RAND4,SDC4,SRI2,SU2,UCB3,UCLA3,UCSB3,UTAH3,WH3
HARV:ARPA3,BBH2,BTL2,CMU3,DART1,HARV0,ILL3,LC1,MAG2,MICH2,RAND4,SDC3,SRI1,SU3,UCB2,UCLA2,UCSB3,UTAH3,WH4
ILL:ARPA3,BBH3,BTL2,CMU2,DART2,HARV3,ILL0,LC3,MAG3,MICH1,RAND2,SDC2,SRI3,SU3,UCB2,UCLA3,UCSB3,UTAH1,WH1
LC:ARPA2,BBH1,BTL1,CMU2,DART2,HARV1,ILL3,LC0,MAG2,MICH2,RAND5,SDC4,SRI2,SU3,UCB3,UCLA3,UCSB4,UTAH4,WH3
MAG:ARPA3,BBH1,BTL3,CMU2,DART1,HARV2,ILL3,LC2,MAG0,MICH2,RAND3,SDC4,SRI3,SU1,UCB2,UCLA3,UCSB2,UTAH3,WH3
MICH:ARPA2,BBH3,BTL1,CMU3,DART1,HARV2,ILL1,LC2,MAG2,MICH0,RAND3,SDC3,SRI3,SU3,UCB3,UCLA4,UCSB4,UTAH2,WH2
RAND:ARPA4,BBH4,BTL4,CMU3,DART4,HARV4,ILL2,LC5,MAG3,MICH3,RAND0,SDC1,SRI3,SU2,UCB2,UCLA2,UCSB1,UTAH1,WH2
SDC:ARPA3,BBH3,BTL4,CMU2,DART4,HARV3,ILL2,LC4,MAG4,MICH3,RAND1,SDC0,SRI2,SU3,UCB3,UCLA1,UCSB2,UTAH2,WH1
SRI:ARPA4,BBH3,BTL3,CMU4,DART2,HARV1,ILL3,LC2,MAG3,MICH3,RAND3,SDC2,SRI0,SU2,UCB1,UCLA1,UCSB2,UTAH2,WH3
SU:ARPA4,BBH2,BTL4,CMU3,DART2,HARV3,ILL3,LC3,MAG1,MICH3,RAND2,SDC3,SRI2,SU0,UCB1,UCLA2,UCSB1,UTAH2,WH4
UCB:ARPA5,BBH3,BTL4,CMU4,DART3,HARV2,ILL2,LC3,MAG2,MICH3,RAND2,SDC3,SRI1,SU1,UCB0,UCLA2,UCSB2,UTAH1,WH3
UCLA:ARPA4,BBH4,BTL4,CMU3,DART3,HARV2,ILL3,LC3,MAG3,MICH4,RAND2,SDC1,SRI1,SU2,UCB2,UCLA0,UCSB1,UTAH3,WH2
UCSB:ARPA5,BBH3,BTL5,CMU4,DART3,HARV3,ILL3,LC4,MAG2,MICH4,RAND1,SDC2,SRI2,SU1,UCB2,UCLA1,UCSB0,UTAH2,WH3
UTAH:ARPA4,BBH4,BTL3,CMU3,DART3,HARV3,ILL1,LC4,MAG3,MICH2,RAND1,SDC2,SRI2,SU2,UCB1,UCLA3,UCSB2,UTAH0,WH2
WH:ARPA2,BBH2,BTL3,CMU1,DART3,HARV4,ILL1,LC3,MAG3,MICH2,RAND2,SDC1,SRI3,SU4,UCB3,UCLA2,UCSB3,UTAH2,WH0
-----
