A:A0,B1,C2,F1,I2
B:A1,B0,C1,D2,E3,F2,G2,I3,K3
C:A2,B1,C0,D1,E2,G1,K2
D:A3,B2,C1,D0,E1,G2,H2,K3,M3
E:C2,D1,E0,H1,M2
F:A1,B2,C3,F0,I1,J2,N2
G:A3,B2,C1,D2,E3,G0,J2,K1,L2,O2
H:C3,D2,E1,H0,L2,M1,P2
I:A2,B3,C4,F1,I0,J1,K2,N1,Q2
J:A3,B4,C3,D4,E5,F2,G2,I1,J0,K1,L2,M3,N2,O2,Q3,S3
K:A4,B3,C2,D3,E4,G1,I2,J1,K0,L1,M2,O1,S2
L:A5,B4,C3,D4,E3,G2,H2,I3,J2,K1,L0,M1,O2,P2,S3,U3
M:C4,D3,E2,H1,K2,L1,M0,P1,U2
N:A3,B4,C5,F2,I1,J2,K3,N0,Q1,R2
O:A5,B4,C3,D4,E5,G2,I3,J2,K1,L2,M3,O0,R2,S1,T2
P:C5,D4,E3,H2,K3,L2,M1,P0,T2,U1
Q:A4,B5,C6,F3,I2,J3,K4,N1,Q0,R1,S2
R:A5,B6,C5,D6,E7,F4,G4,I3,J4,K3,L4,M5,N2,O2,Q1,R0,S1,T2,U3
S:A6,B5,C4,D5,E6,G3,I4,J3,K2,L3,M4,O1,Q2,R1,S0,T1,U2
T:A7,B6,C5,D6,E5,G4,H4,I5,J4,K3,L4,M3,O2,P2,Q3,R2,S1,T0,U1
U:C6,D5,E4,H3,K4,L3,M2,P1,S2,T1,U0
-----
A:A0,B1,C2,D3,E4,F1,G3,I2,J3,K4,N3
B:A1,B0,C1,D2,E3,F2,G2,H4,I3,J4,K3,L4,M5,N4,O4
C:A2,B1,C0,D1,E2,F3,G1,H3,I4,J3,K2,L3,M4,O3
D:A3,B2,C1,D0,E1,F4,G2,H2,I5,J4,K3,L4,M3,O4,P4
E:A4,B3,C2,D1,E0,G3,H1,K4,L3,M2,P3
F:A1,B2,C3,D4,E5,F0,G4,I1,J2,K3,N2,Q3
G:A3,B2,C1,D2,E3,F4,G0,H4,I3,J2,K1,L2,M3,O2,S3
H:A5,B4,C3,D2,E1,G4,H0,K3,L2,M1,P2,U3
I:A2,B3,C4,D5,E6,F1,G3,I0,J1,K2,L3,M4,N1,O3,Q2,R3,S4
J:A3,B4,C3,D4,E5,F2,G2,H4,I1,J0,K1,L2,M3,N2,O2,P4,Q3,R4,S3,T4,U5
K:A4,B3,C2,D3,E4,F3,G1,H3,I2,J1,K0,L1,M2,N3,O1,P3,Q4,R3,S2,T3,U4
L:A5,B4,C3,D4,E3,F4,G2,H2,I3,J2,K1,L0,M1,N4,O2,P2,Q5,R4,S3,T4,U3
M:A6,B5,C4,D3,E2,G3,H1,I4,J3,K2,L1,M0,O3,P1,S4,T3,U2
N:A3,B4,C5,D6,E7,F2,G4,I1,J2,K3,L4,M5,N0,O4,Q1,R2,S3
O:A5,B4,C3,D4,E5,F4,G2,H4,I3,J2,K1,L2,M3,N4,O0,P4,Q3,R2,S1,T2,U3
P:A7,B6,C5,D4,E3,G4,H2,I5,J4,K3,L2,M1,O4,P0,S3,T2,U1
Q:A4,B5,C6,D7,E8,F3,G5,I2,J3,K4,L5,M6,N1,O3,Q0,R1,S2,T3,U4
R:A5,B6,C5,D6,E7,F4,G4,H6,I3,J4,K3,L4,M5,N2,O2,P4,Q1,R0,S1,T2,U3
S:A6,B5,C4,D5,E6,F5,G3,H5,I4,J3,K2,L3,M4,N3,O1,P3,Q2,R1,S0,T1,U2
T:A7,B6,C5,D6,E5,F6,G4,H4,I5,J4,K3,L4,M3,N4,O2,P2,Q3,R2,S1,T0,U1
U:A8,B7,C6,D5,E4,G5,H3,I6,J5,K4,L3,M2,O3,P1,Q4,R3,S2,T1,U0
-----
A:A0,B1,C2,D3,E4,F1,G3,H5,I2,J3,K4,L5,M6,N3,O5,Q4
B:A1,B0,C1,D2,E3,F2,G2,H4,I3,J4,K3,L4,M5,N4,O4,P6,Q5,S5
C:A2,B1,C0,D1,E2,F3,G1,H3,I4,J3,K2,L3,M4,N5,O3,P5,S4
D:A3,B2,C1,D0,E1,F4,G2,H2,I5,J4,K3,L4,M3,N6,O4,P4,S5,U5
E:A4,B3,C2,D1,E0,F5,G3,H1,I6,J5,K4,L3,M2,O5,P3,U4
F:A1,B2,C3,D4,E5,F0,G4,H6,I1,J2,K3,L4,M5,N2,O4,Q3,R4,S5
G:A3,B2,C1,D2,E3,F4,G0,H4,I3,J2,K1,L2,M3,N4,O2,P4,Q5,R4,S3,T4,U5
H:A5,B4,C3,D2,E1,F6,G4,H0,I5,J4,K3,L2,M1,O4,P2,S5,T4,U3
I:A2,B3,C4,D5,E6,F1,G3,H5,I0,J1,K2,L3,M4,N1,O3,P5,Q2,R3,S4,T5,U6
J:A3,B4,C3,D4,E5,F2,G2,H4,I1,J0,K1,L2,M3,N2,O2,P4,Q3,R4,S3,T4,U5
K:A4,B3,C2,D3,E4,F3,G1,H3,I2,J1,K0,L1,M2,N3,O1,P3,Q4,R3,S2,T3,U4
L:A5,B4,C3,D4,E3,F4,G2,H2,I3,J2,K1,L0,M1,N4,O2,P2,Q5,R4,S3,T4,U3
M:A6,B5,C4,D3,E2,F5,G3,H1,I4,J3,K2,L1,M0,N5,O3,P1,Q6,R5,S4,T3,U2
N:A3,B4,C5,D6,E7,F2,G4,H6,I1,J2,K3,L4,M5,N0,O4,P6,Q1,R2,S3,T4,U5
O:A5,B4,C3,D4,E5,F4,G2,H4,I3,J2,K1,L2,M3,N4,O0,P4,Q3,R2,S1,T2,U3
P:A7,B6,C5,D4,E3,F6,G4,H2,I5,J4,K3,L2,M1,N6,O4,P0,Q5,R4,S3,T2,U1
Q:A4,B5,C6,D7,E8,F3,G5,H7,I2,J3,K4,L5,M6,N1,O3,P5,Q0,R1,S2,T3,U4
R:A5,B6,C5,D6,E7,F4,G4,H6,I3,J4,K3,L4,M5,N2,O2,P4,Q1,R0,S1,T2,U3
S:A6,B5,C4,D5,E6,F5,G3,H5,I4,J3,K2,L3,M4,N3,O1,P3,Q2,R1,S0,T1,U2
T:A7,B6,C5,D6,E5,F6,G4,H4,I5,J4,K3,L4,M3,N4,O2,P2,Q3,R2,S1,T0,U1
U:A8,B7,C6,D5,E4,F7,G5,H3,I6,J5,K4,L3,M2,N5,O3,P1,Q4,R3,S2,T1,U0
-----
A:A0,B1,C2,D3,E4,F1,G3,H5,I2,J3,K4,L5,M6,N3,O5,P7,Q4,R5,S6
B:A1,B0,C1,D2,E3,F2,G2,H4,I3,J4,K3,L4,M5,N4,O4,P6,Q5,R6,S5,T6,U7
C:A2,B1,C0,D1,E2,F3,G1,H3,I4,J3,K2,L3,M4,N5,O3,P5,Q6,R5,S4,T5,U6
D:A3,B2,C1,D0,E1,F4,G2,H2,I5,J4,K3,L4,M3,N6,O4,P4,Q7,R6,S5,T6,U5
E:A4,B3,C2,D1,E0,F5,G3,H1,I6,J5,K4,L3,M2,N7,O5,P3,S6,T5,U4
F:A1,B2,C3,D4,E5,F0,G4,H6,I1,J2,K3,L4,M5,N2,O4,P6,Q3,R4,S5,T6,U7
G:A3,B2,C1,D2,E3,F4,G0,H4,I3,J2,K1,L2,M3,N4,O2,P4,Q5,R4,S3,T4,U5
H:A5,B4,C3,D2,E1,F6,G4,H0,I5,J4,K3,L2,M1,N6,O4,P2,Q7,R6,S5,T4,U3
I:A2,B3,C4,D5,E6,F1,G3,H5,I0,J1,K2,L3,M4,N1,O3,P5,Q2,R3,S4,T5,U6
J:A3,B4,C3,D4,E5,F2,G2,H4,I1,J0,K1,L2,M3,N2,O2,P4,Q3,R4,S3,T4,U5
K:A4,B3,C2,D3,E4,F3,G1,H3,I2,J1,K0,L1,M2,N3,O1,P3,Q4,R3,S2,T3,U4
L:A5,B4,C3,D4,E3,F4,G2,H2,I3,J2,K1,L0,M1,N4,O2,P2,Q5,R4,S3,T4,U3
M:A6,B5,C4,D3,E2,F5,G3,H1,I4,J3,K2,L1,M0,N5,O3,P1,Q6,R5,S4,T3,U2
N:A3,B4,C5,D6,E7,F2,G4,H6,I1,J2,K3,L4,M5,N0,O4,P6,Q1,R2,S3,T4,U5
O:A5,B4,C3,D4,E5,F4,G2,H4,I3,J2,K1,L2,M3,N4,O0,P4,Q3,R2,S1,T2,U3
P:A7,B6,C5,D4,E3,F6,G4,H2,I5,J4,K3,L2,M1,N6,O4,P0,Q5,R4,S3,T2,U1
Q:A4,B5,C6,D7,E8,F3,G5,H7,I2,J3,K4,L5,M6,N1,O3,P5,Q0,R1,S2,T3,U4
R:A5,B6,C5,D6,E7,F4,G4,H6,I3,J4,K3,L4,M5,N2,O2,P4,Q1,R0,S1,T2,U3
S:A6,B5,C4,D5,E6,F5,G3,H5,I4,J3,K2,L3,M4,N3,O1,P3,Q2,R1,S0,T1,U2
T:A7,B6,C5,D6,E5,F6,G4,H4,I5,J4,K3,L4,M3,N4,O2,P2,Q3,R2,S1,T0,U1
U:A8,B7,C6,D5,E4,F7,G5,H3,I6,J5,K4,L3,M2,N5,O3,P1,Q4,R3,S2,T1,U0
-----
A:A0,B1,C2,D3,E4,F1,G3,H5,I2,J3,K4,L5,M6,N3,O5,P7,Q4,R5,S6,T7,U8
B:A1,B0,C1,D2,E3,F2,G2,H4,I3,J4,K3,L4,M5,N4,O4,P6,Q5,R6,S5,T6,U7
C:A2,B1,C0,D1,E2,F3,G1,H3,I4,J3,K2,L3,M4,N5,O3,P5,Q6,R5,S4,T5,U6
D:A3,B2,C1,D0,E1,F4,G2,H2,I5,J4,K3,L4,M3,N6,O4,P4,Q7,R6,S5,T6,U5
E:A4,B3,C2,D1,E0,F5,G3,H1,I6,J5,K4,L3,M2,N7,O5,P3,Q8,R7,S6,T5,U4
F:A1,B2,C3,D4,E5,F0,G4,H6,I1,J2,K3,L4,M5,N2,O4,P6,Q3,R4,S5,T6,U7
G:A3,B2,C1,D2,E3,F4,G0,H4,I3,J2,K1,L2,M3,N4,O2,P4,Q5,R4,S3,T4,U5
H:A5,B4,C3,D2,E1,F6,G4,H0,I5,J4,K3,L2,M1,N6,O4,P2,Q7,R6,S5,T4,U3
I:A2,B3,C4,D5,E6,F1,G3,H5,I0,J1,K2,L3,M4,N1,O3,P5,Q2,R3,S4,T5,U6
J:A3,B4,C3,D4,E5,F2,G2,H4,I1,J0,K1,L2,M3,N2,O2,P4,Q3,R4,S3,T4,U5
K:A4,B3,C2,D3,E4,F3,G1,H3,I2,J1,K0,L1,M2,N3,O1,P3,Q4,R3,S2,T3,U4
L:A5,B4,C3,D4,E3,F4,G2,H2,I3,J2,K1,L0,M1,N4,O2,P2,Q5,R4,S3,T4,U3
M:A6,B5,C4,D3,E2,F5,G3,H1,I4,J3,K2,L1,M0,N5,O3,P1,Q6,R5,S4,T3,U2
N:A3,B4,C5,D6,E7,F2,G4,H6,I1,J2,K3,L4,M5,N0,O4,P6,Q1,R2,S3,T4,U5
O:A5,B4,C3,D4,E5,F4,G2,H4,I3,J2,K1,L2,M3,N4,O0,P4,Q3,R2,S1,T2,U3
P:A7,B6,C5,D4,E3,F6,G4,H2,I5,J4,K3,L2,M1,N6,O4,P0,Q5,R4,S3,T2,U1
Q:A4,B5,C6,D7,E8,F3,G5,H7,I2,J3,K4,L5,M6,N1,O3,P5,Q0,R1,S2,T3,U4
R:A5,B6,C5,D6,E7,F4,G4,H6,I3,J4,K3,L4,M5,N2,O2,P4,Q1,R0,S1,T2,U3
S:A6,B5,C4,D5,E6,F5,G3,H5,I4,J3,K2,L3,M4,N3,O1,P3,Q2,R1,S0,T1,U2
T:A7,B6,C5,D6,E5,F6,G4,H4,I5,J4,K3,L4,M3,N4,O2,P2,Q3,R2,S1,T0,U1
U:A8,B7,C6,D5,E4,F7,G5,H3,I6,J5,K4,L3,M2,N5,O3,P1,Q4,R3,S2,T1,U0
-----
