A:A0,B1,C2
B:A1,B0,C1,D2,E3
C:A2,B1,C0,D1,E2
D:A3,B2,C1,D0,E1,F2,G3
E:C2,D1,E0,F1,G2
F:C3,D2,E1,F0,G1,H2,I3
G:E2,F1,G0,H1,I2
H:E3,F2,G1,H0,I1,J2,K3
I:G2,H1,I0,J1,K2
J:G3,H2,I1,J0,K1,L2,M3
K:I2,J1,K0,L1,M2
L:I3,J2,K1,L0,M1,N2,O3
M:K2,L1,M0,N1,O2
N:K3,L2,M1,N0,O1,P2,Q3
O:M2,N1,O0,P1,Q2
P:M3,N2,O1,P0,Q1,R2,S3
Q:O2,P1,Q0,R1,S2
R:O3,P2,Q1,R0,S1,T2,U3
S:Q2,R1,S0,T1,U2
T:Q3,R2,S1,T0,U1,V2,W3
U:S2,T1,U0,V1,W2
V:S3,T2,U1,V0,W1,X2,Y3
W:U2,V1,W0,X1,Y2
X:U3,V2,W1,X0,Y1,Z2
Y:W2,X1,Y0,Z1
Z:W3,X2,Y1,Z0
-----
A:A0,B1,C2,D3,E4
B:A1,B0,C1,D2,E3,F4,G5
C:A2,B1,C0,D1,E2,F3,G4
D:A3,B2,C1,D0,E1,F2,G3,H4,I5
E:A4,B3,C2,D1,E0,F1,G2,H3,I4
F:A5,B4,C3,D2,E1,F0,G1,H2,I3,J4,K5
G:C4,D3,E2,F1,G0,H1,I2,J3,K4
H:C5,D4,E3,F2,G1,H0,I1,J2,K3,L4,M5
I:E4,F3,G2,H1,I0,J1,K2,L3,M4
J:E5,F4,G3,H2,I1,J0,K1,L2,M3,N4,O5
K:G4,H3,I2,J1,K0,L1,M2,N3,O4
L:G5,H4,I3,J2,K1,L0,M1,N2,O3,P4,Q5
M:I4,J3,K2,L1,M0,N1,O2,P3,Q4
N:I5,J4,K3,L2,M1,N0,O1,P2,Q3,R4,S5
O:K4,L3,M2,N1,O0,P1,Q2,R3,S4
P:K5,L4,M3,N2,O1,P0,Q1,R2,S3,T4,U5
Q:M4,N3,O2,P1,Q0,R1,S2,T3,U4
R:M5,N4,O3,P2,Q1,R0,S1,T2,U3,V4,W5
S:O4,P3,Q2,R1,S0,T1,U2,V3,W4
T:O5,P4,Q3,R2,S1,T0,U1,V2,W3,X4,Y5
U:Q4,R3,S2,T1,U0,V1,W2,X3,Y4
V:Q5,R4,S3,T2,U1,V0,W1,X2,Y3,Z4
W:S4,T3,U2,V1,W0,X1,Y2,Z3
X:S5,T4,U3,V2,W1,X0,Y1,Z2
Y:U4,V3,W2,X1,Y0,Z1
Z:U5,V4,W3,X2,Y1,Z0
-----
A:A0,B1,C2,D3,E4,F5,G6
B:A1,B0,C1,D2,E3,F4,G5,H6,I7
C:A2,B1,C0,D1,E2,F3,G4,H5,I6
D:A3,B2,C1,D0,E1,F2,G3,H4,I5,J6,K7
E:A4,B3,C2,D1,E0,F1,G2,H3,I4,J5,K6
F:A5,B4,C3,D2,E1,F0,G1,H2,I3,J4,K5,L6,M7
G:A6,B5,C4,D3,E2,F1,G0,H1,I2,J3,K4,L5,M6
H:A7,B6,C5,D4,E3,F2,G1,H0,I1,J2,K3,L4,M5,N6,O7
I:C6,D5,E4,F3,G2,H1,I0,J1,K2,L3,M4,N5,O6
J:C7,D6,E5,F4,G3,H2,I1,J0,K1,L2,M3,N4,O5,P6,Q7
K:E6,F5,G4,H3,I2,J1,K0,L1,M2,N3,O4,P5,Q6
L:E7,F6,G5,H4,I3,J2,K1,L0,M1,N2,O3,P4,Q5,R6,S7
M:G6,H5,I4,J3,K2,L1,M0,N1,O2,P3,Q4,R5,S6
N:G7,H6,I5,J4,K3,L2,M1,N0,O1,P2,Q3,R4,S5,T6,U7
O:I6,J5,K4,L3,M2,N1,O0,P1,Q2,R3,S4,T5,U6
P:I7,J6,K5,L4,M3,N2,O1,P0,Q1,R2,S3,T4,U5,V6,W7
Q:K6,L5,M4,N3,O2,P1,Q0,R1,S2,T3,U4,V5,W6
R:K7,L6,M5,N4,O3,P2,Q1,R0,S1,T2,U3,V4,W5,X6,Y7
S:M6,N5,O4,P3,Q2,R1,S0,T1,U2,V3,W4,X5,Y6
T:M7,N6,O5,P4,Q3,R2,S1,T0,U1,V2,W3,X4,Y5,Z6
U:O6,P5,Q4,R3,S2,T1,U0,V1,W2,X3,Y4,Z5
V:O7,P6,Q5,R4,S3,T2,U1,V0,W1,X2,Y3,Z4
W:Q6,R5,S4,T3,U2,V1,W0,X1,Y2,Z3
X:Q7,R6,S5,T4,U3,V2,W1,X0,Y1,Z2
Y:S6,T5,U4,V3,W2,X1,Y0,Z1
Z:S7,T6,U5,V4,W3,X2,Y1,Z0
-----
A:A0,B1,C2,D3,E4,F5,G6,H7,I8
B:A1,B0,C1,D2,E3,F4,G5,H6,I7,J8,K9
C:A2,B1,C0,D1,E2,F3,G4,H5,I6,J7,K8
D:A3,B2,C1,D0,E1,F2,G3,H4,I5,J6,K7,L8,M9
E:A4,B3,C2,D1,E0,F1,G2,H3,I4,J5,K6,L7,M8
F:A5,B4,C3,D2,E1,F0,G1,H2,I3,J4,K5,L6,M7,N8,O9
G:A6,B5,C4,D3,E2,F1,G0,H1,I2,J3,K4,L5,M6,N7,O8
H:A7,B6,C5,D4,E3,F2,G1,H0,I1,J2,K3,L4,M5,N6,O7,P8,Q9
I:A8,B7,C6,D5,E4,F3,G2,H1,I0,J1,K2,L3,M4,N5,O6,P7,Q8
J:A9,B8,C7,D6,E5,F4,G3,H2,I1,J0,K1,L2,M3,N4,O5,P6,Q7,R8,S9
K:C8,D7,E6,F5,G4,H3,I2,J1,K0,L1,M2,N3,O4,P5,Q6,R7,S8
L:C9,D8,E7,F6,G5,H4,I3,J2,K1,L0,M1,N2,O3,P4,Q5,R6,S7,T8,U9
M:E8,F7,G6,H5,I4,J3,K2,L1,M0,N1,O2,P3,Q4,R5,S6,T7,U8
N:E9,F8,G7,H6,I5,J4,K3,L2,M1,N0,O1,P2,Q3,R4,S5,T6,U7,V8,W9
O:G8,H7,I6,J5,K4,L3,M2,N1,O0,P1,Q2,R3,S4,T5,U6,V7,W8
P:G9,H8,I7,J6,K5,L4,M3,N2,O1,P0,Q1,R2,S3,T4,U5,V6,W7,X8,Y9
Q:I8,J7,K6,L5,M4,N3,O2,P1,Q0,R1,S2,T3,U4,V5,W6,X7,Y8
R:I9,J8,K7,L6,M5,N4,O3,P2,Q1,R0,S1,T2,U3,V4,W5,X6,Y7,Z8
S:K8,L7,M6,N5,O4,P3,Q2,R1,S0,T1,U2,V3,W4,X5,Y6,Z7
T:K9,L8,M7,N6,O5,P4,Q3,R2,S1,T0,U1,V2,W3,X4,Y5,Z6
U:M8,N7,O6,P5,Q4,R3,S2,T1,U0,V1,W2,X3,Y4,Z5
V:M9,N8,O7,P6,Q5,R4,S3,T2,U1,V0,W1,X2,Y3,Z4
W:O8,P7,Q6,R5,S4,T3,U2,V1,W0,X1,Y2,Z3
X:O9,P8,Q7,R6,S5,T4,U3,V2,W1,X0,Y1,Z2
Y:Q8,R7,S6,T5,U4,V3,W2,X1,Y0,Z1
Z:Q9,R8,S7,T6,U5,V4,W3,X2,Y1,Z0
-----
A:A0,B1,C2,D3,E4,F5,G6,H7,I8,J9,K10
B:A1,B0,C1,D2,E3,F4,G5,H6,I7,J8,K9,L10,M11
C:A2,B1,C0,D1,E2,F3,G4,H5,I6,J7,K8,L9,M10
D:A3,B2,C1,D0,E1,F2,G3,H4,I5,J6,K7,L8,M9,N10,O11
E:A4,B3,C2,D1,E0,F1,G2,H3,I4,J5,K6,L7,M8,N9,O10
F:A5,B4,C3,D2,E1,F0,G1,H2,I3,J4,K5,L6,M7,N8,O9,P10,Q11
G:A6,B5,C4,D3,E2,F1,G0,H1,I2,J3,K4,L5,M6,N7,O8,P9,Q10
H:A7,B6,C5,D4,E3,F2,G1,H0,I1,J2,K3,L4,M5,N6,O7,P8,Q9,R10,S11
I:A8,B7,C6,D5,E4,F3,G2,H1,I0,J1,K2,L3,M4,N5,O6,P7,Q8,R9,S10
J:A9,B8,C7,D6,E5,F4,G3,H2,I1,J0,K1,L2,M3,N4,O5,P6,Q7,R8,S9,T10,U11
K:A10,B9,C8,D7,E6,F5,G4,H3,I2,J1,K0,L1,M2,N3,O4,P5,Q6,R7,S8,T9,U10
L:A11,B10,C9,D8,E7,F6,G5,H4,I3,J2,K1,L0,M1,N2,O3,P4,Q5,R6,S7,T8,U9,V10,W11
M:C10,D9,E8,F7,G6,H5,I4,J3,K2,L1,M0,N1,O2,P3,Q4,R5,S6,T7,U8,V9,W10
N:C11,D10,E9,F8,G7,H6,I5,J4,K3,L2,M1,N0,O1,P2,Q3,R4,S5,T6,U7,V8,W9,X10,Y11
O:E10,F9,G8,H7,I6,J5,K4,L3,M2,N1,O0,P1,Q2,R3,S4,T5,U6,V7,W8,X9,Y10
P:E11,F10,G9,H8,I7,J6,K5,L4,M3,N2,O1,P0,Q1,R2,S3,T4,U5,V6,W7,X8,Y9,Z10
Q:G10,H9,I8,J7,K6,L5,M4,N3,O2,P1,Q0,R1,S2,T3,U4,V5,W6,X7,Y8,Z9
R:G11,H10,I9,J8,K7,L6,M5,N4,O3,P2,Q1,R0,S1,T2,U3,V4,W5,X6,Y7,Z8
S:I10,J9,K8,L7,M6,N5,O4,P3,Q2,R1,S0,T1,U2,V3,W4,X5,Y6,Z7
T:I11,J10,K9,L8,M7,N6,O5,P4,Q3,R2,S1,T0,U1,V2,W3,X4,Y5,Z6
U:K10,L9,M8,N7,O6,P5,Q4,R3,S2,T1,U0,V1,W2,X3,Y4,Z5
V:K11,L10,M9,N8,O7,P6,Q5,R4,S3,T2,U1,V0,W1,X2,Y3,Z4
W:M10,N9,O8,P7,Q6,R5,S4,T3,U2,V1,W0,X1,Y2,Z3
X:M11,N10,O9,P8,Q7,R6,S5,T4,U3,V2,W1,X0,Y1,Z2
Y:O10,P9,Q8,R7,S6,T5,U4,V3,W2,X1,Y0,Z1
Z:O11,P10,Q9,R8,S7,T6,U5,V4,W3,X2,Y1,Z0
-----
A:A0,B1,C2,D3,E4,F5,G6,H7,I8,J9,K10,L11,M12
B:A1,B0,C1,D2,E3,F4,G5,H6,I7,J8,K9,L10,M11,N12,O13
C:A2,B1,C0,D1,E2,F3,G4,H5,I6,J7,K8,L9,M10,N11,O12
D:A3,B2,C1,D0,E1,F2,G3,H4,I5,J6,K7,L8,M9,N10,O11,P12,Q13
E:A4,B3,C2,D1,E0,F1,G2,H3,I4,J5,K6,L7,M8,N9,O10,P11,Q12
F:A5,B4,C3,D2,E1,F0,G1,H2,I3,J4,K5,L6,M7,N8,O9,P10,Q11,R12,S13
G:A6,B5,C4,D3,E2,F1,G0,H1,I2,J3,K4,L5,M6,N7,O8,P9,Q10,R11,S12
H:A7,B6,C5,D4,E3,F2,G1,H0,I1,J2,K3,L4,M5,N6,O7,P8,Q9,R10,S11,T12,U13
I:A8,B7,C6,D5,E4,F3,G2,H1,I0,J1,K2,L3,M4,N5,O6,P7,Q8,R9,S10,T11,U12
J:A9,B8,C7,D6,E5,F4,G3,H2,I1,J0,K1,L2,M3,N4,O5,P6,Q7,R8,S9,T10,U11,V12,W13
K:A10,B9,C8,D7,E6,F5,G4,H3,I2,J1,K0,L1,M2,N3,O4,P5,Q6,R7,S8,T9,U10,V11,W12
L:A11,B10,C9,D8,E7,F6,G5,H4,I3,J2,K1,L0,M1,N2,O3,P4,Q5,R6,S7,T8,U9,V10,W11,X12,Y13
M:A12,B11,C10,D9,E8,F7,G6,H5,I4,J3,K2,L1,M0,N1,O2,P3,Q4,R5,S6,T7,U8,V9,W10,X11,Y12
N:A13,B12,C11,D10,E9,F8,G7,H6,I5,J4,K3,L2,M1,N0,O1,P2,Q3,R4,S5,T6,U7,V8,W9,X10,Y11,Z12
O:C12,D11,E10,F9,G8,H7,I6,J5,K4,L3,M2,N1,O0,P1,Q2,R3,S4,T5,U6,V7,W8,X9,Y10,Z11
P:C13,D12,E11,F10,G9,H8,I7,J6,K5,L4,M3,N2,O1,P0,Q1,R2,S3,T4,U5,V6,W7,X8,Y9,Z10
Q:E12,F11,G10,H9,I8,J7,K6,L5,M4,N3,O2,P1,Q0,R1,S2,T3,U4,V5,W6,X7,Y8,Z9
R:E13,F12,G11,H10,I9,J8,K7,L6,M5,N4,O3,P2,Q1,R0,S1,T2,U3,V4,W5,X6,Y7,Z8
S:G12,H11,I10,J9,K8,L7,M6,N5,O4,P3,Q2,R1,S0,T1,U2,V3,W4,X5,Y6,Z7
T:G13,H12,I11,J10,K9,L8,M7,N6,O5,P4,Q3,R2,S1,T0,U1,V2,W3,X4,Y5,Z6
U:I12,J11,K10,L9,M8,N7,O6,P5,Q4,R3,S2,T1,U0,V1,W2,X3,Y4,Z5
V:I13,J12,K11,L10,M9,N8,O7,P6,Q5,R4,S3,T2,U1,V0,W1,X2,Y3,Z4
W:K12,L11,M10,N9,O8,P7,Q6,R5,S4,T3,U2,V1,W0,X1,Y2,Z3
X:K13,L12,M11,N10,O9,P8,Q7,R6,S5,T4,U3,V2,W1,X0,Y1,Z2
Y:M12,N11,O10,P9,Q8,R7,S6,T5,U4,V3,W2,X1,Y0,Z1
Z:M13,N12,O11,P10,Q9,R8,S7,T6,U5,V4,W3,X2,Y1,Z0
-----
A:A0,B1,C2,D3,E4,F5,G6,H7,I8,J9,K10,L11,M12,N13,O14
B:A1,B0,C1,D2,E3,F4,G5,H6,I7,J8,K9,L10,M11,N12,O13,P14,Q15
C:A2,B1,C0,D1,E2,F3,G4,H5,I6,J7,K8,L9,M10,N11,O12,P13,Q14
D:A3,B2,C1,D0,E1,F2,G3,H4,I5,J6,K7,L8,M9,N10,O11,P12,Q13,R14,S15
E:A4,B3,C2,D1,E0,F1,G2,H3,I4,J5,K6,L7,M8,N9,O10,P11,Q12,R13,S14
F:A5,B4,C3,D2,E1,F0,G1,H2,I3,J4,K5,L6,M7,N8,O9,P10,Q11,R12,S13,T14,U15
G:A6,B5,C4,D3,E2,F1,G0,H1,I2,J3,K4,L5,M6,N7,O8,P9,Q10,R11,S12,T13,U14
H:A7,B6,C5,D4,E3,F2,G1,H0,I1,J2,K3,L4,M5,N6,O7,P8,Q9,R10,S11,T12,U13,V14,W15
I:A8,B7,C6,D5,E4,F3,G2,H1,I0,J1,K2,L3,M4,N5,O6,P7,Q8,R9,S10,T11,U12,V13,W14
J:A9,B8,C7,D6,E5,F4,G3,H2,I1,J0,K1,L2,M3,N4,O5,P6,Q7,R8,S9,T10,U11,V12,W13,X14,Y15
K:A10,B9,C8,D7,E6,F5,G4,H3,I2,J1,K0,L1,M2,N3,O4,P5,Q6,R7,S8,T9,U10,V11,W12,X13,Y14
L:A11,B10,C9,D8,E7,F6,G5,H4,I3,J2,K1,L0,M1,N2,O3,P4,Q5,R6,S7,T8,U9,V10,W11,X12,Y13,Z14
M:A12,B11,C10,D9,E8,F7,G6,H5,I4,J3,K2,L1,M0,N1,O2,P3,Q4,R5,S6,T7,U8,V9,W10,X11,Y12,Z13
N:A13,B12,C11,D10,E9,F8,G7,H6,I5,J4,K3,L2,M1,N0,O1,P2,Q3,R4,S5,T6,U7,V8,W9,X10,Y11,Z12
O:A14,B13,C12,D11,E10,F9,G8,H7,I6,J5,K4,L3,M2,N1,O0,P1,Q2,R3,S4,T5,U6,V7,W8,X9,Y10,Z11
P:A15,B14,C13,D12,E11,F10,G9,H8,I7,J6,K5,L4,M3,N2,O1,P0,Q1,R2,S3,T4,U5,V6,W7,X8,Y9,Z10
Q:C14,D13,E12,F11,G10,H9,I8,J7,K6,L5,M4,N3,O2,P1,Q0,R1,S2,T3,U4,V5,W6,X7,Y8,Z9
R:C15,D14,E13,F12,G11,H10,I9,J8,K7,L6,M5,N4,O3,P2,Q1,R0,S1,T2,U3,V4,W5,X6,Y7,Z8
S:E14,F13,G12,H11,I10,J9,K8,L7,M6,N5,O4,P3,Q2,R1,S0,T1,U2,V3,W4,X5,Y6,Z7
T:E15,F14,G13,H12,I11,J10,K9,L8,M7,N6,O5,P4,Q3,R2,S1,T0,U1,V2,W3,X4,Y5,Z6
U:G14,H13,I12,J11,K10,L9,M8,N7,O6,P5,Q4,R3,S2,T1,U0,V1,W2,X3,Y4,Z5
V:G15,H14,I13,J12,K11,L10,M9,N8,O7,P6,Q5,R4,S3,T2,U1,V0,W1,X2,Y3,Z4
W:I14,J13,K12,L11,M10,N9,O8,P7,Q6,R5,S4,T3,U2,V1,W0,X1,Y2,Z3
X:I15,J14,K13,L12,M11,N10,O9,P8,Q7,R6,S5,T4,U3,V2,W1,X0,Y1,Z2
Y:K14,L13,M12,N11,O10,P9,Q8,R7,S6,T5,U4,V3,W2,X1,Y0,Z1
Z:K15,L14,M13,N12,O11,P10,Q9,R8,S7,T6,U5,V4,W3,X2,Y1,Z0
-----
A:A0,B1,C2,D3,E4,F5,G6,H7,I8,J9,K10,L11,M12,N13,O14,P15,Q16
B:A1,B0,C1,D2,E3,F4,G5,H6,I7,J8,K9,L10,M11,N12,O13,P14,Q15,R16,S17
C:A2,B1,C0,D1,E2,F3,G4,H5,I6,J7,K8,L9,M10,N11,O12,P13,Q14,R15,S16
D:A3,B2,C1,D0,E1,F2,G3,H4,I5,J6,K7,L8,M9,N10,O11,P12,Q13,R14,S15,T16,U17
E:A4,B3,C2,D1,E0,F1,G2,H3,I4,J5,K6,L7,M8,N9,O10,P11,Q12,R13,S14,T15,U16
F:A5,B4,C3,D2,E1,F0,G1,H2,I3,J4,K5,L6,M7,N8,O9,P10,Q11,R12,S13,T14,U15,V16,W17
G:A6,B5,C4,D3,E2,F1,G0,H1,I2,J3,K4,L5,M6,N7,O8,P9,Q10,R11,S12,T13,U14,V15,W16
H:A7,B6,C5,D4,E3,F2,G1,H0,I1,J2,K3,L4,M5,N6,O7,P8,Q9,R10,S11,T12,U13,V14,W15,X16,Y17
I:A8,B7,C6,D5,E4,F3,G2,H1,I0,J1,K2,L3,M4,N5,O6,P7,Q8,R9,S10,T11,U12,V13,W14,X15,Y16
J:A9,B8,C7,D6,E5,F4,G3,H2,I1,J0,K1,L2,M3,N4,O5,P6,Q7,R8,S9,T10,U11,V12,W13,X14,Y15,Z16
K:A10,B9,C8,D7,E6,F5,G4,H3,I2,J1,K0,L1,M2,N3,O4,P5,Q6,R7,S8,T9,U10,V11,W12,X13,Y14,Z15
L:A11,B10,C9,D8,E7,F6,G5,H4,I3,J2,K1,L0,M1,N2,O3,P4,Q5,R6,S7,T8,U9,V10,W11,X12,Y13,Z14
M:A12,B11,C10,D9,E8,F7,G6,H5,I4,J3,K2,L1,M0,N1,O2,P3,Q4,R5,S6,T7,U8,V9,W10,X11,Y12,Z13
N:A13,B12,C11,D10,E9,F8,G7,H6,I5,J4,K3,L2,M1,N0,O1,P2,Q3,R4,S5,T6,U7,V8,W9,X10,Y11,Z12
O:A14,B13,C12,D11,E10,F9,G8,H7,I6,J5,K4,L3,M2,N1,O0,P1,Q2,R3,S4,T5,U6,V7,W8,X9,Y10,Z11
P:A15,B14,C13,D12,E11,F10,G9,H8,I7,J6,K5,L4,M3,N2,O1,P0,Q1,R2,S3,T4,U5,V6,W7,X8,Y9,Z10
Q:A16,B15,C14,D13,E12,F11,G10,H9,I8,J7,K6,L5,M4,N3,O2,P1,Q0,R1,S2,T3,U4,V5,W6,X7,Y8,Z9
R:A17,B16,C15,D14,E13,F12,G11,H10,I9,J8,K7,L6,M5,N4,O3,P2,Q1,R0,S1,T2,U3,V4,W5,X6,Y7,Z8
S:C16,D15,E14,F13,G12,H11,I10,J9,K8,L7,M6,N5,O4,P3,Q2,R1,S0,T1,U2,V3,W4,X5,Y6,Z7
T:C17,D16,E15,F14,G13,H12,I11,J10,K9,L8,M7,N6,O5,P4,Q3,R2,S1,T0,U1,V2,W3,X4,Y5,Z6
U:E16,F15,G14,H13,I12,J11,K10,L9,M8,N7,O6,P5,Q4,R3,S2,T1,U0,V1,W2,X3,Y4,Z5
V:E17,F16,G15,H14,I13,J12,K11,L10,M9,N8,O7,P6,Q5,R4,S3,T2,U1,V0,W1,X2,Y3,Z4
W:G16,H15,I14,J13,K12,L11,M10,N9,O8,P7,Q6,R5,S4,T3,U2,V1,W0,X1,Y2,Z3
X:G17,H16,I15,J14,K13,L12,M11,N10,O9,P8,Q7,R6,S5,T4,U3,V2,W1,X0,Y1,Z2
Y:I16,J15,K14,L13,M12,N11,O10,P9,Q8,R7,S6,T5,U4,V3,W2,X1,Y0,Z1
Z:I17,J16,K15,L14,M13,N12,O11,P10,Q9,R8,S7,T6,U5,V4,W3,X2,Y1,Z0
-----
A:A0,B1,C2,D3,E4,F5,G6,H7,I8,J9,K10,L11,M12,N13,O14,P15,Q16,R17,S18
B:A1,B0,C1,D2,E3,F4,G5,H6,I7,J8,K9,L10,M11,N12,O13,P14,Q15,R16,S17,T18,U19
C:A2,B1,C0,D1,E2,F3,G4,H5,I6,J7,K8,L9,M10,N11,O12,P13,Q14,R15,S16,T17,U18
D:A3,B2,C1,D0,E1,F2,G3,H4,I5,J6,K7,L8,M9,N10,O11,P12,Q13,R14,S15,T16,U17,V18,W19
E:A4,B3,C2,D1,E0,F1,G2,H3,I4,J5,K6,L7,M8,N9,O10,P11,Q12,R13,S14,T15,U16,V17,W18
F:A5,B4,C3,D2,E1,F0,G1,H2,I3,J4,K5,L6,M7,N8,O9,P10,Q11,R12,S13,T14,U15,V16,W17,X18,Y19
G:A6,B5,C4,D3,E2,F1,G0,H1,I2,J3,K4,L5,M6,N7,O8,P9,Q10,R11,S12,T13,U14,V15,W16,X17,Y18
H:A7,B6,C5,D4,E3,F2,G1,H0,I1,J2,K3,L4,M5,N6,O7,P8,Q9,R10,S11,T12,U13,V14,W15,X16,Y17,Z18
I:A8,B7,C6,D5,E4,F3,G2,H1,I0,J1,K2,L3,M4,N5,O6,P7,Q8,R9,S10,T11,U12,V13,W14,X15,Y16,Z17
J:A9,B8,C7,D6,E5,F4,G3,H2,I1,J0,K1,L2,M3,N4,O5,P6,Q7,R8,S9,T10,U11,V12,W13,X14,Y15,Z16
K:A10,B9,C8,D7,E6,F5,G4,H3,I2,J1,K0,L1,M2,N3,O4,P5,Q6,R7,S8,T9,U10,V11,W12,X13,Y14,Z15
L:A11,B10,C9,D8,E7,F6,G5,H4,I3,J2,K1,L0,M1,N2,O3,P4,Q5,R6,S7,T8,U9,V10,W11,X12,Y13,Z14
M:A12,B11,C10,D9,E8,F7,G6,H5,I4,J3,K2,L1,M0,N1,O2,P3,Q4,R5,S6,T7,U8,V9,W10,X11,Y12,Z13
N:A13,B12,C11,D10,E9,F8,G7,H6,I5,J4,K3,L2,M1,N0,O1,P2,Q3,R4,S5,T6,U7,V8,W9,X10,Y11,Z12
O:A14,B13,C12,D11,E10,F9,G8,H7,I6,J5,K4,L3,M2,N1,O0,P1,Q2,R3,S4,T5,U6,V7,W8,X9,Y10,Z11
P:A15,B14,C13,D12,E11,F10,G9,H8,I7,J6,K5,L4,M3,N2,O1,P0,Q1,R2,S3,T4,U5,V6,W7,X8,Y9,Z10
Q:A16,B15,C14,D13,E12,F11,G10,H9,I8,J7,K6,L5,M4,N3,O2,P1,Q0,R1,S2,T3,U4,V5,W6,X7,Y8,Z9
R:A17,B16,C15,D14,E13,F12,G11,H10,I9,J8,K7,L6,M5,N4,O3,P2,Q1,R0,S1,T2,U3,V4,W5,X6,Y7,Z8
S:A18,B17,C16,D15,E14,F13,G12,H11,I10,J9,K8,L7,M6,N5,O4,P3,Q2,R1,S0,T1,U2,V3,W4,X5,Y6,Z7
T:A19,B18,C17,D16,E15,F14,G13,H12,I11,J10,K9,L8,M7,N6,O5,P4,Q3,R2,S1,T0,U1,V2,W3,X4,Y5,Z6
U:C18,D17,E16,F15,G14,H13,I12,J11,K10,L9,M8,N7,O6,P5,Q4,R3,S2,T1,U0,V1,W2,X3,Y4,Z5
V:C19,D18,E17,F16,G15,H14,I13,J12,K11,L10,M9,N8,O7,P6,Q5,R4,S3,T2,U1,V0,W1,X2,Y3,Z4
W:E18,F17,G16,H15,I14,J13,K12,L11,M10,N9,O8,P7,Q6,R5,S4,T3,U2,V1,W0,X1,Y2,Z3
X:E19,F18,G17,H16,I15,J14,K13,L12,M11,N10,O9,P8,Q7,R6,S5,T4,U3,V2,W1,X0,Y1,Z2
Y:G18,H17,I16,J15,K14,L13,M12,N11,O10,P9,Q8,R7,S6,T5,U4,V3,W2,X1,Y0,Z1
Z:G19,H18,I17,J16,K15,L14,M13,N12,O11,P10,Q9,R8,S7,T6,U5,V4,W3,X2,Y1,Z0
-----
A:A0,B1,C2,D3,E4,F5,G6,H7,I8,J9,K10,L11,M12,N13,O14,P15,Q16,R17,S18,T19,U20
B:A1,B0,C1,D2,E3,F4,G5,H6,I7,J8,K9,L10,M11,N12,O13,P14,Q15,R16,S17,T18,U19,V20,W21
C:A2,B1,C0,D1,E2,F3,G4,H5,I6,J7,K8,L9,M10,N11,O12,P13,Q14,R15,S16,T17,U18,V19,W20
D:A3,B2,C1,D0,E1,F2,G3,H4,I5,J6,K7,L8,M9,N10,O11,P12,Q13,R14,S15,T16,U17,V18,W19,X20,Y21
E:A4,B3,C2,D1,E0,F1,G2,H3,I4,J5,K6,L7,M8,N9,O10,P11,Q12,R13,S14,T15,U16,V17,W18,X19,Y20
F:A5,B4,C3,D2,E1,F0,G1,H2,I3,J4,K5,L6,M7,N8,O9,P10,Q11,R12,S13,T14,U15,V16,W17,X18,Y19,Z20
G:A6,B5,C4,D3,E2,F1,G0,H1,I2,J3,K4,L5,M6,N7,O8,P9,Q10,R11,S12,T13,U14,V15,W16,X17,Y18,Z19
H:A7,B6,C5,D4,E3,F2,G1,H0,I1,J2,K3,L4,M5,N6,O7,P8,Q9,R10,S11,T12,U13,V14,W15,X16,Y17,Z18
I:A8,B7,C6,D5,E4,F3,G2,H1,I0,J1,K2,L3,M4,N5,O6,P7,Q8,R9,S10,T11,U12,V13,W14,X15,Y16,Z17
J:A9,B8,C7,D6,E5,F4,G3,H2,I1,J0,K1,L2,M3,N4,O5,P6,Q7,R8,S9,T10,U11,V12,W13,X14,Y15,Z16
K:A10,B9,C8,D7,E6,F5,G4,H3,I2,J1,K0,L1,M2,N3,O4,P5,Q6,R7,S8,T9,U10,V11,W12,X13,Y14,Z15
L:A11,B10,C9,D8,E7,F6,G5,H4,I3,J2,K1,L0,M1,N2,O3,P4,Q5,R6,S7,T8,U9,V10,W11,X12,Y13,Z14
M:A12,B11,C10,D9,E8,F7,G6,H5,I4,J3,K2,L1,M0,N1,O2,P3,Q4,R5,S6,T7,U8,V9,W10,X11,Y12,Z13
N:A13,B12,C11,D10,E9,F8,G7,H6,I5,J4,K3,L2,M1,N0,O1,P2,Q3,R4,S5,T6,U7,V8,W9,X10,Y11,Z12
O:A14,B13,C12,D11,E10,F9,G8,H7,I6,J5,K4,L3,M2,N1,O0,P1,Q2,R3,S4,T5,U6,V7,W8,X9,Y10,Z11
P:A15,B14,C13,D12,E11,F10,G9,H8,I7,J6,K5,L4,M3,N2,O1,P0,Q1,R2,S3,T4,U5,V6,W7,X8,Y9,Z10
Q:A16,B15,C14,D13,E12,F11,G10,H9,I8,J7,K6,L5,M4,N3,O2,P1,Q0,R1,S2,T3,U4,V5,W6,X7,Y8,Z9
R:A17,B16,C15,D14,E13,F12,G11,H10,I9,J8,K7,L6,M5,N4,O3,P2,Q1,R0,S1,T2,U3,V4,W5,X6,Y7,Z8
S:A18,B17,C16,D15,E14,F13,G12,H11,I10,J9,K8,L7,M6,N5,O4,P3,Q2,R1,S0,T1,U2,V3,W4,X5,Y6,Z7
T:A19,B18,C17,D16,E15,F14,G13,H12,I11,J10,K9,L8,M7,N6,O5,P4,Q3,R2,S1,T0,U1,V2,W3,X4,Y5,Z6
U:A20,B19,C18,D17,E16,F15,G14,H13,I12,J11,K10,L9,M8,N7,O6,P5,Q4,R3,S2,T1,U0,V1,W2,X3,Y4,Z5
V:A21,B20,C19,D18,E17,F16,G15,H14,I13,J12,K11,L10,M9,N8,O7,P6,Q5,R4,S3,T2,U1,V0,W1,X2,Y3,Z4
W:C20,D19,E18,F17,G16,H15,I14,J13,K12,L11,M10,N9,O8,P7,Q6,R5,S4,T3,U2,V1,W0,X1,Y2,Z3
X:C21,D20,E19,F18,G17,H16,I15,J14,K13,L12,M11,N10,O9,P8,Q7,R6,S5,T4,U3,V2,W1,X0,Y1,Z2
Y:E20,F19,G18,H17,I16,J15,K14,L13,M12,N11,O10,P9,Q8,R7,S6,T5,U4,V3,W2,X1,Y0,Z1
Z:E21,F20,G19,H18,I17,J16,K15,L14,M13,N12,O11,P10,Q9,R8,S7,T6,U5,V4,W3,X2,Y1,Z0
-----
A:A0,B1,C2,D3,E4,F5,G6,H7,I8,J9,K10,L11,M12,N13,O14,P15,Q16,R17,S18,T19,U20,V21,W22
B:A1,B0,C1,D2,E3,F4,G5,H6,I7,J8,K9,L10,M11,N12,O13,P14,Q15,R16,S17,T18,U19,V20,W21,X22,Y23
C:A2,B1,C0,D1,E2,F3,G4,H5,I6,J7,K8,L9,M10,N11,O12,P13,Q14,R15,S16,T17,U18,V19,W20,X21,Y22
D:A3,B2,C1,D0,E1,F2,G3,H4,I5,J6,K7,L8,M9,N10,O11,P12,Q13,R14,S15,T16,U17,V18,W19,X20,Y21,Z22
E:A4,B3,C2,D1,E0,F1,G2,H3,I4,J5,K6,L7,M8,N9,O10,P11,Q12,R13,S14,T15,U16,V17,W18,X19,Y20,Z21
F:A5,B4,C3,D2,E1,F0,G1,H2,I3,J4,K5,L6,M7,N8,O9,P10,Q11,R12,S13,T14,U15,V16,W17,X18,Y19,Z20
G:A6,B5,C4,D3,E2,F1,G0,H1,I2,J3,K4,L5,M6,N7,O8,P9,Q10,R11,S12,T13,U14,V15,W16,X17,Y18,Z19
H:A7,B6,C5,D4,E3,F2,G1,H0,I1,J2,K3,L4,M5,N6,O7,P8,Q9,R10,S11,T12,U13,V14,W15,X16,Y17,Z18
I:A8,B7,C6,D5,E4,F3,G2,H1,I0,J1,K2,L3,M4,N5,O6,P7,Q8,R9,S10,T11,U12,V13,W14,X15,Y16,Z17
J:A9,B8,C7,D6,E5,F4,G3,H2,I1,J0,K1,L2,M3,N4,O5,P6,Q7,R8,S9,T10,U11,V12,W13,X14,Y15,Z16
K:A10,B9,C8,D7,E6,F5,G4,H3,I2,J1,K0,L1,M2,N3,O4,P5,Q6,R7,S8,T9,U10,V11,W12,X13,Y14,Z15
L:A11,B10,C9,D8,E7,F6,G5,H4,I3,J2,K1,L0,M1,N2,O3,P4,Q5,R6,S7,T8,U9,V10,W11,X12,Y13,Z14
M:A12,B11,C10,D9,E8,F7,G6,H5,I4,J3,K2,L1,M0,N1,O2,P3,Q4,R5,S6,T7,U8,V9,W10,X11,Y12,Z13
N:A13,B12,C11,D10,E9,F8,G7,H6,I5,J4,K3,L2,M1,N0,O1,P2,Q3,R4,S5,T6,U7,V8,W9,X10,Y11,Z12
O:A14,B13,C12,D11,E10,F9,G8,H7,I6,J5,K4,L3,M2,N1,O0,P1,Q2,R3,S4,T5,U6,V7,W8,X9,Y10,Z11
P:A15,B14,C13,D12,E11,F10,G9,H8,I7,J6,K5,L4,M3,N2,O1,P0,Q1,R2,S3,T4,U5,V6,W7,X8,Y9,Z10
Q:A16,B15,C14,D13,E12,F11,G10,H9,I8,J7,K6,L5,M4,N3,O2,P1,Q0,R1,S2,T3,U4,V5,W6,X7,Y8,Z9
R:A17,B16,C15,D14,E13,F12,G11,H10,I9,J8,K7,L6,M5,N4,O3,P2,Q1,R0,S1,T2,U3,V4,W5,X6,Y7,Z8
S:A18,B17,C16,D15,E14,F13,G12,H11,I10,J9,K8,L7,M6,N5,O4,P3,Q2,R1,S0,T1,U2,V3,W4,X5,Y6,Z7
T:A19,B18,C17,D16,E15,F14,G13,H12,I11,J10,K9,L8,M7,N6,O5,P4,Q3,R2,S1,T0,U1,V2,W3,X4,Y5,Z6
U:A20,B19,C18,D17,E16,F15,G14,H13,I12,J11,K10,L9,M8,N7,O6,P5,Q4,R3,S2,T1,U0,V1,W2,X3,Y4,Z5
V:A21,B20,C19,D18,E17,F16,G15,H14,I13,J12,K11,L10,M9,N8,O7,P6,Q5,R4,S3,T2,U1,V0,W1,X2,Y3,Z4
W:A22,B21,C20,D19,E18,F17,G16,H15,I14,J13,K12,L11,M10,N9,O8,P7,Q6,R5,S4,T3,U2,V1,W0,X1,Y2,Z3
X:A23,B22,C21,D20,E19,F18,G17,H16,I15,J14,K13,L12,M11,N10,O9,P8,Q7,R6,S5,T4,U3,V2,W1,X0,Y1,Z2
Y:C22,D21,E20,F19,G18,H17,I16,J15,K14,L13,M12,N11,O10,P9,Q8,R7,S6,T5,U4,V3,W2,X1,Y0,Z1
Z:C23,D22,E21,F20,G19,H18,I17,J16,K15,L14,M13,N12,O11,P10,Q9,R8,S7,T6,U5,V4,W3,X2,Y1,Z0
-----
A:A0,B1,C2,D3,E4,F5,G6,H7,I8,J9,K10,L11,M12,N13,O14,P15,Q16,R17,S18,T19,U20,V21,W22,X23,Y24
B:A1,B0,C1,D2,E3,F4,G5,H6,I7,J8,K9,L10,M11,N12,O13,P14,Q15,R16,S17,T18,U19,V20,W21,X22,Y23,Z24
C:A2,B1,C0,D1,E2,F3,G4,H5,I6,J7,K8,L9,M10,N11,O12,P13,Q14,R15,S16,T17,U18,V19,W20,X21,Y22,Z23
D:A3,B2,C1,D0,E1,F2,G3,H4,I5,J6,K7,L8,M9,N10,O11,P12,Q13,R14,S15,T16,U17,V18,W19,X20,Y21,Z22
E:A4,B3,C2,D1,E0,F1,G2,H3,I4,J5,K6,L7,M8,N9,O10,P11,Q12,R13,S14,T15,U16,V17,W18,X19,Y20,Z21
F:A5,B4,C3,D2,E1,F0,G1,H2,I3,J4,K5,L6,M7,N8,O9,P10,Q11,R12,S13,T14,U15,V16,W17,X18,Y19,Z20
G:A6,B5,C4,D3,E2,F1,G0,H1,I2,J3,K4,L5,M6,N7,O8,P9,Q10,R11,S12,T13,U14,V15,W16,X17,Y18,Z19
H:A7,B6,C5,D4,E3,F2,G1,H0,I1,J2,K3,L4,M5,N6,O7,P8,Q9,R10,S11,T12,U13,V14,W15,X16,Y17,Z18
I:A8,B7,C6,D5,E4,F3,G2,H1,I0,J1,K2,L3,M4,N5,O6,P7,Q8,R9,S10,T11,U12,V13,W14,X15,Y16,Z17
J:A9,B8,C7,D6,E5,F4,G3,H2,I1,J0,K1,L2,M3,N4,O5,P6,Q7,R8,S9,T10,U11,V12,W13,X14,Y15,Z16
K:A10,B9,C8,D7,E6,F5,G4,H3,I2,J1,K0,L1,M2,N3,O4,P5,Q6,R7,S8,T9,U10,V11,W12,X13,Y14,Z15
L:A11,B10,C9,D8,E7,F6,G5,H4,I3,J2,K1,L0,M1,N2,O3,P4,Q5,R6,S7,T8,U9,V10,W11,X12,Y13,Z14
M:A12,B11,C10,D9,E8,F7,G6,H5,I4,J3,K2,L1,M0,N1,O2,P3,Q4,R5,S6,T7,U8,V9,W10,X11,Y12,Z13
N:A13,B12,C11,D10,E9,F8,G7,H6,I5,J4,K3,L2,M1,N0,O1,P2,Q3,R4,S5,T6,U7,V8,W9,X10,Y11,Z12
O:A14,B13,C12,D11,E10,F9,G8,H7,I6,J5,K4,L3,M2,N1,O0,P1,Q2,R3,S4,T5,U6,V7,W8,X9,Y10,Z11
P:A15,B14,C13,D12,E11,F10,G9,H8,I7,J6,K5,L4,M3,N2,O1,P0,Q1,R2,S3,T4,U5,V6,W7,X8,Y9,Z10
Q:A16,B15,C14,D13,E12,F11,G10,H9,I8,J7,K6,L5,M4,N3,O2,P1,Q0,R1,S2,T3,U4,V5,W6,X7,Y8,Z9
R:A17,B16,C15,D14,E13,F12,G11,H10,I9,J8,K7,L6,M5,N4,O3,P2,Q1,R0,S1,T2,U3,V4,W5,X6,Y7,Z8
S:A18,B17,C16,D15,E14,F13,G12,H11,I10,J9,K8,L7,M6,N5,O4,P3,Q2,R1,S0,T1,U2,V3,W4,X5,Y6,Z7
T:A19,B18,C17,D16,E15,F14,G13,H12,I11,J10,K9,L8,M7,N6,O5,P4,Q3,R2,S1,T0,U1,V2,W3,X4,Y5,Z6
U:A20,B19,C18,D17,E16,F15,G14,H13,I12,J11,K10,L9,M8,N7,O6,P5,Q4,R3,S2,T1,U0,V1,W2,X3,Y4,Z5
V:A21,B20,C19,D18,E17,F16,G15,H14,I13,J12,K11,L10,M9,N8,O7,P6,Q5,R4,S3,T2,U1,V0,W1,X2,Y3,Z4
W:A22,B21,C20,D19,E18,F17,G16,H15,I14,J13,K12,L11,M10,N9,O8,P7,Q6,R5,S4,T3,U2,V1,W0,X1,Y2,Z3
X:A23,B22,C21,D20,E19,F18,G17,H16,I15,J14,K13,L12,M11,N10,O9,P8,Q7,R6,S5,T4,U3,V2,W1,X0,Y1,Z2
Y:A24,B23,C22,D21,E20,F19,G18,H17,I16,J15,K14,L13,M12,N11,O10,P9,Q8,R7,S6,T5,U4,V3,W2,X1,Y0,Z1
Z:A25,B24,C23,D22,E21,F20,G19,H18,I17,J16,K15,L14,M13,N12,O11,P10,Q9,R8,S7,T6,U5,V4,W3,X2,Y1,Z0
-----
A:A0,B1,C2,D3,E4,F5,G6,H7,I8,J9,K10,L11,M12,N13,O14,P15,Q16,R17,S18,T19,U20,V21,W22,X23,Y24,Z25
B:A1,B0,C1,D2,E3,F4,G5,H6,I7,J8,K9,L10,M11,N12,O13,P14,Q15,R16,S17,T18,U19,V20,W21,X22,Y23,Z24
C:A2,B1,C0,D1,E2,F3,G4,H5,I6,J7,K8,L9,M10,N11,O12,P13,Q14,R15,S16,T17,U18,V19,W20,X21,Y22,Z23
D:A3,B2,C1,D0,E1,F2,G3,H4,I5,J6,K7,L8,M9,N10,O11,P12,Q13,R14,S15,T16,U17,V18,W19,X20,Y21,Z22
E:A4,B3,C2,D1,E0,F1,G2,H3,I4,J5,K6,L7,M8,N9,O10,P11,Q12,R13,S14,T15,U16,V17,W18,X19,Y20,Z21
F:A5,B4,C3,D2,E1,F0,G1,H2,I3,J4,K5,L6,M7,N8,O9,P10,Q11,R12,S13,T14,U15,V16,W17,X18,Y19,Z20
G:A6,B5,C4,D3,E2,F1,G0,H1,I2,J3,K4,L5,M6,N7,O8,P9,Q10,R11,S12,T13,U14,V15,W16,X17,Y18,Z19
H:A7,B6,C5,D4,E3,F2,G1,H0,I1,J2,K3,L4,M5,N6,O7,P8,Q9,R10,S11,T12,U13,V14,W15,X16,Y17,Z18
I:A8,B7,C6,D5,E4,F3,G2,H1,I0,J1,K2,L3,M4,N5,O6,P7,Q8,R9,S10,T11,U12,V13,W14,X15,Y16,Z17
J:A9,B8,C7,D6,E5,F4,G3,H2,I1,J0,K1,L2,M3,N4,O5,P6,Q7,R8,S9,T10,U11,V12,W13,X14,Y15,Z16
K:A10,B9,C8,D7,E6,F5,G4,H3,I2,J1,K0,L1,M2,N3,O4,P5,Q6,R7,S8,T9,U10,V11,W12,X13,Y14,Z15
L:A11,B10,C9,D8,E7,F6,G5,H4,I3,J2,K1,L0,M1,N2,O3,P4,Q5,R6,S7,T8,U9,V10,W11,X12,Y13,Z14
M:A12,B11,C10,D9,E8,F7,G6,H5,I4,J3,K2,L1,M0,N1,O2,P3,Q4,R5,S6,T7,U8,V9,W10,X11,Y12,Z13
N:A13,B12,C11,D10,E9,F8,G7,H6,I5,J4,K3,L2,M1,N0,O1,P2,Q3,R4,S5,T6,U7,V8,W9,X10,Y11,Z12
O:A14,B13,C12,D11,E10,F9,G8,H7,I6,J5,K4,L3,M2,N1,O0,P1,Q2,R3,S4,T5,U6,V7,W8,X9,Y10,Z11
P:A15,B14,C13,D12,E11,F10,G9,H8,I7,J6,K5,L4,M3,N2,O1,P0,Q1,R2,S3,T4,U5,V6,W7,X8,Y9,Z10
Q:A16,B15,C14,D13,E12,F11,G10,H9,I8,J7,K6,L5,M4,N3,O2,P1,Q0,R1,S2,T3,U4,V5,W6,X7,Y8,Z9
R:A17,B16,C15,D14,E13,F12,G11,H10,I9,J8,K7,L6,M5,N4,O3,P2,Q1,R0,S1,T2,U3,V4,W5,X6,Y7,Z8
S:A18,B17,C16,D15,E14,F13,G12,H11,I10,J9,K8,L7,M6,N5,O4,P3,Q2,R1,S0,T1,U2,V3,W4,X5,Y6,Z7
T:A19,B18,C17,D16,E15,F14,G13,H12,I11,J10,K9,L8,M7,N6,O5,P4,Q3,R2,S1,T0,U1,V2,W3,X4,Y5,Z6
U:A20,B19,C18,D17,E16,F15,G14,H13,I12,J11,K10,L9,M8,N7,O6,P5,Q4,R3,S2,T1,U0,V1,W2,X3,Y4,Z5
V:A21,B20,C19,D18,E17,F16,G15,H14,I13,J12,K11,L10,M9,N8,O7,P6,Q5,R4,S3,T2,U1,V0,W1,X2,Y3,Z4
W:A22,B21,C20,D19,E18,F17,G16,H15,I14,J13,K12,L11,M10,N9,O8,P7,Q6,R5,S4,T3,U2,V1,W0,X1,Y2,Z3
X:A23,B22,C21,D20,E19,F18,G17,H16,I15,J14,K13,L12,M11,N10,O9,P8,Q7,R6,S5,T4,U3,V2,W1,X0,Y1,Z2
Y:A24,B23,C22,D21,E20,F19,G18,H17,I16,J15,K14,L13,M12,N11,O10,P9,Q8,R7,S6,T5,U4,V3,W2,X1,Y0,Z1
Z:A25,B24,C23,D22,E21,F20,G19,H18,I17,J16,K15,L14,M13,N12,O11,P10,Q9,R8,S7,T6,U5,V4,W3,X2,Y1,Z0
-----
