A:A0,B1,C2,F1,G2,I2,J2,K1,L2,O2,V2
B:A1,B0,C1,D2,E3,F2,G2,I3,J3,K2,L3,O3,V3
C:A2,B1,C0,D1,E2,G1,K2
D:A3,B2,C1,D0,E1,G2,K3
E:C2,D1,E0
F:A1,B2,C3,F0,G3,I1,J2,K2,L3,N2,O3,S2,V3
G:A2,B2,C1,D2,E3,G0,J2,K1,L2,O2,V2
H:H0,L2,M1,P2
I:A2,B3,C4,F1,G4,I0,J1,K2,L4,N1,O2,Q2,R2,S1,T2,V4
J:A2,B3,C3,D4,E5,F2,G2,I1,J0,K1,L2,M3,N2,O2,P3,Q3,R3,S2,T3,V2
K:A1,B2,C2,D3,E4,F2,G1,I2,J1,K0,L1,M2,O1,P2,S2,V1
L:A2,B3,C3,D4,E5,F3,G2,H2,I3,J2,K1,L0,M1,O2,P2,S3,U3,V2
M:H1,K2,L1,M0,P1,U2,V2
N:A3,B4,C5,F2,G5,I1,J2,K3,L5,N0,O3,Q1,R2,S2,T3,V5
O:A2,B3,C3,D4,E5,F3,G2,I2,J2,K1,L2,M3,O0,P3,R2,S1,T2,V2
P:H2,K2,L2,M1,P0,T2,U1,V1
Q:A4,B5,C6,F3,G6,I2,J3,K4,L6,N1,O4,Q0,R1,S2,T4,V6
R:A4,B5,C5,D6,E7,F3,G4,I2,J3,K3,L4,M5,N2,O2,P5,Q1,R0,S1,T2,U3,V4
S:A3,B4,C4,D5,E6,F2,G3,I1,J2,K2,L3,M4,N2,O1,P4,Q2,R1,S0,T1,U2,V3
T:A4,B5,C5,D6,E7,F3,G4,H4,I2,J3,K3,L4,M3,N3,O2,P2,Q3,R2,S1,T0,U1,V3
U:H3,K3,L3,M2,P1,S2,T1,U0,V2
V:A2,B3,C3,D4,E5,F3,G2,H3,I3,J2,K1,L2,M2,O2,P1,S3,T3,U2,V0
-----
A:A0,B1,C2,D3,E4,F1,G2,I2,J2,K1,L2,M3,N3,O2,P3,S3,V2
B:A1,B0,C1,D2,E3,F2,G2,I3,J3,K2,L3,M4,N4,O3,P4,S4,V3
C:A2,B1,C0,D1,E2,F3,G1,I4,J3,K2,L3,O3,V3
D:A3,B2,C1,D0,E1,F4,G2,I5,J4,K3,L4,O4,V4
E:A4,B3,C2,D1,E0,G3,K4
F:A1,B2,C3,D4,E5,F0,G3,I1,J2,K2,L3,M4,N2,O3,P4,Q3,R3,S2,T3,V3
G:A2,B2,C1,D2,E3,F3,G0,I3,J2,K1,L2,M3,O2,P3,S3,V2
H:H0,K3,L2,M1,P2,U3,V3
I:A2,B3,C4,D5,E6,F1,G3,I0,J1,K2,L3,M4,N1,O2,P4,Q2,R2,S1,T2,U3,V3
J:A2,B3,C3,D4,E5,F2,G2,H4,I1,J0,K1,L2,M3,N2,O2,P3,Q3,R3,S2,T3,U4,V2
K:A1,B2,C2,D3,E4,F2,G1,H3,I2,J1,K0,L1,M2,N3,O1,P2,Q4,R3,S2,T3,U3,V1
L:A2,B3,C3,D4,E5,F3,G2,H2,I3,J2,K1,L0,M1,N4,O2,P2,Q5,R4,S3,T4,U3,V2
M:A3,B4,C4,D5,E6,F4,G3,H1,I4,J3,K2,L1,M0,O3,P1,S4,T3,U2,V2
N:A3,B4,C5,D6,E7,F2,G4,I1,J2,K3,L4,M5,N0,O3,P5,Q1,R2,S2,T3,U4,V4
O:A2,B3,C3,D4,E5,F3,G2,H4,I2,J2,K1,L2,M3,N3,O0,P3,Q3,R2,S1,T2,U3,V2
P:A3,B4,C4,D5,E6,F4,G3,H2,I4,J3,K2,L2,M1,O3,P0,S3,T2,U1,V1
Q:A4,B5,C6,D7,E8,F3,G5,I2,J3,K4,L5,M6,N1,O3,P6,Q0,R1,S2,T3,U4,V5
R:A4,B5,C5,D6,E7,F3,G4,H6,I2,J3,K3,L4,M5,N2,O2,P4,Q1,R0,S1,T2,U3,V4
S:A3,B4,C4,D5,E6,F2,G3,H5,I1,J2,K2,L3,M4,N2,O1,P3,Q2,R1,S0,T1,U2,V3
T:A4,B5,C5,D6,E7,F3,G4,H4,I2,J3,K3,L4,M3,N3,O2,P2,Q3,R2,S1,T0,U1,V3
U:A4,B5,C5,D6,E7,F4,G4,H3,I3,J4,K3,L3,M2,N4,O3,P1,Q4,R3,S2,T1,U0,V2
V:A2,B3,C3,D4,E5,F3,G2,H3,I3,J2,K1,L2,M2,N4,O2,P1,Q5,R4,S3,T3,U2,V0
-----
A:A0,B1,C2,D3,E4,F1,G2,H4,I2,J2,K1,L2,M3,N3,O2,P3,Q4,R4,S3,T4,U4,V2
B:A1,B0,C1,D2,E3,F2,G2,H5,I3,J3,K2,L3,M4,N4,O3,P4,Q5,R5,S4,T5,U5,V3
C:A2,B1,C0,D1,E2,F3,G1,I4,J3,K2,L3,M4,N5,O3,P4,S4,V3
D:A3,B2,C1,D0,E1,F4,G2,I5,J4,K3,L4,M5,N6,O4,P5,S5,V4
E:A4,B3,C2,D1,E0,F5,G3,I6,J5,K4,L5,O5,V5
F:A1,B2,C3,D4,E5,F0,G3,H5,I1,J2,K2,L3,M4,N2,O3,P4,Q3,R3,S2,T3,U4,V3
G:A2,B2,C1,D2,E3,F3,G0,H4,I3,J2,K1,L2,M3,N4,O2,P3,Q5,R4,S3,T4,U4,V2
H:A4,B5,C5,D6,E7,F5,G4,H0,I5,J4,K3,L2,M1,O4,P2,S5,T4,U3,V3
I:A2,B3,C4,D5,E6,F1,G3,H5,I0,J1,K2,L3,M4,N1,O2,P4,Q2,R2,S1,T2,U3,V3
J:A2,B3,C3,D4,E5,F2,G2,H4,I1,J0,K1,L2,M3,N2,O2,P3,Q3,R3,S2,T3,U4,V2
K:A1,B2,C2,D3,E4,F2,G1,H3,I2,J1,K0,L1,M2,N3,O1,P2,Q4,R3,S2,T3,U3,V1
L:A2,B3,C3,D4,E5,F3,G2,H2,I3,J2,K1,L0,M1,N4,O2,P2,Q5,R4,S3,T4,U3,V2
M:A3,B4,C4,D5,E6,F4,G3,H1,I4,J3,K2,L1,M0,N5,O3,P1,Q6,R5,S4,T3,U2,V2
N:A3,B4,C5,D6,E7,F2,G4,H6,I1,J2,K3,L4,M5,N0,O3,P5,Q1,R2,S2,T3,U4,V4
O:A2,B3,C3,D4,E5,F3,G2,H4,I2,J2,K1,L2,M3,N3,O0,P3,Q3,R2,S1,T2,U3,V2
P:A3,B4,C4,D5,E6,F4,G3,H2,I4,J3,K2,L2,M1,N5,O3,P0,Q5,R4,S3,T2,U1,V1
Q:A4,B5,C6,D7,E8,F3,G5,H7,I2,J3,K4,L5,M6,N1,O3,P5,Q0,R1,S2,T3,U4,V5
R:A4,B5,C5,D6,E7,F3,G4,H6,I2,J3,K3,L4,M5,N2,O2,P4,Q1,R0,S1,T2,U3,V4
S:A3,B4,C4,D5,E6,F2,G3,H5,I1,J2,K2,L3,M4,N2,O1,P3,Q2,R1,S0,T1,U2,V3
T:A4,B5,C5,D6,E7,F3,G4,H4,I2,J3,K3,L4,M3,N3,O2,P2,Q3,R2,S1,T0,U1,V3
U:A4,B5,C5,D6,E7,F4,G4,H3,I3,J4,K3,L3,M2,N4,O3,P1,Q4,R3,S2,T1,U0,V2
V:A2,B3,C3,D4,E5,F3,G2,H3,I3,J2,K1,L2,M2,N4,O2,P1,Q5,R4,S3,T3,U2,V0
-----
A:A0,B1,C2,D3,E4,F1,G2,H4,I2,J2,K1,L2,M3,N3,O2,P3,Q4,R4,S3,T4,U4,V2
B:A1,B0,C1,D2,E3,F2,G2,H5,I3,J3,K2,L3,M4,N4,O3,P4,Q5,R5,S4,T5,U5,V3
C:A2,B1,C0,D1,E2,F3,G1,H5,I4,J3,K2,L3,M4,N5,O3,P4,Q6,R5,S4,T5,U5,V3
D:A3,B2,C1,D0,E1,F4,G2,H6,I5,J4,K3,L4,M5,N6,O4,P5,Q7,R6,S5,T6,U6,V4
E:A4,B3,C2,D1,E0,F5,G3,I6,J5,K4,L5,M6,N7,O5,P6,S6,V5
F:A1,B2,C3,D4,E5,F0,G3,H5,I1,J2,K2,L3,M4,N2,O3,P4,Q3,R3,S2,T3,U4,V3
G:A2,B2,C1,D2,E3,F3,G0,H4,I3,J2,K1,L2,M3,N4,O2,P3,Q5,R4,S3,T4,U4,V2
H:A4,B5,C5,D6,E7,F5,G4,H0,I5,J4,K3,L2,M1,N6,O4,P2,Q7,R6,S5,T4,U3,V3
I:A2,B3,C4,D5,E6,F1,G3,H5,I0,J1,K2,L3,M4,N1,O2,P4,Q2,R2,S1,T2,U3,V3
J:A2,B3,C3,D4,E5,F2,G2,H4,I1,J0,K1,L2,M3,N2,O2,P3,Q3,R3,S2,T3,U4,V2
K:A1,B2,C2,D3,E4,F2,G1,H3,I2,J1,K0,L1,M2,N3,O1,P2,Q4,R3,S2,T3,U3,V1
L:A2,B3,C3,D4,E5,F3,G2,H2,I3,J2,K1,L0,M1,N4,O2,P2,Q5,R4,S3,T4,U3,V2
M:A3,B4,C4,D5,E6,F4,G3,H1,I4,J3,K2,L1,M0,N5,O3,P1,Q6,R5,S4,T3,U2,V2
N:A3,B4,C5,D6,E7,F2,G4,H6,I1,J2,K3,L4,M5,N0,O3,P5,Q1,R2,S2,T3,U4,V4
O:A2,B3,C3,D4,E5,F3,G2,H4,I2,J2,K1,L2,M3,N3,O0,P3,Q3,R2,S1,T2,U3,V2
P:A3,B4,C4,D5,E6,F4,G3,H2,I4,J3,K2,L2,M1,N5,O3,P0,Q5,R4,S3,T2,U1,V1
Q:A4,B5,C6,D7,E8,F3,G5,H7,I2,J3,K4,L5,M6,N1,O3,P5,Q0,R1,S2,T3,U4,V5
R:A4,B5,C5,D6,E7,F3,G4,H6,I2,J3,K3,L4,M5,N2,O2,P4,Q1,R0,S1,T2,U3,V4
S:A3,B4,C4,D5,E6,F2,G3,H5,I1,J2,K2,L3,M4,N2,O1,P3,Q2,R1,S0,T1,U2,V3
T:A4,B5,C5,D6,E7,F3,G4,H4,I2,J3,K3,L4,M3,N3,O2,P2,Q3,R2,S1,T0,U1,V3
U:A4,B5,C5,D6,E7,F4,G4,H3,I3,J4,K3,L3,M2,N4,O3,P1,Q4,R3,S2,T1,U0,V2
V:A2,B3,C3,D4,E5,F3,G2,H3,I3,J2,K1,L2,M2,N4,O2,P1,Q5,R4,S3,T3,U2,V0
-----
A:A0,B1,C2,D3,E4,F1,G2,H4,I2,J2,K1,L2,M3,N3,O2,P3,Q4,R4,S3,T4,U4,V2
B:A1,B0,C1,D2,E3,F2,G2,H5,I3,J3,K2,L3,M4,N4,O3,P4,Q5,R5,S4,T5,U5,V3
C:A2,B1,C0,D1,E2,F3,G1,H5,I4,J3,K2,L3,M4,N5,O3,P4,Q6,R5,S4,T5,U5,V3
D:A3,B2,C1,D0,E1,F4,G2,H6,I5,J4,K3,L4,M5,N6,O4,P5,Q7,R6,S5,T6,U6,V4
E:A4,B3,C2,D1,E0,F5,G3,H7,I6,J5,K4,L5,M6,N7,O5,P6,Q8,R7,S6,T7,U7,V5
F:A1,B2,C3,D4,E5,F0,G3,H5,I1,J2,K2,L3,M4,N2,O3,P4,Q3,R3,S2,T3,U4,V3
G:A2,B2,C1,D2,E3,F3,G0,H4,I3,J2,K1,L2,M3,N4,O2,P3,Q5,R4,S3,T4,U4,V2
H:A4,B5,C5,D6,E7,F5,G4,H0,I5,J4,K3,L2,M1,N6,O4,P2,Q7,R6,S5,T4,U3,V3
I:A2,B3,C4,D5,E6,F1,G3,H5,I0,J1,K2,L3,M4,N1,O2,P4,Q2,R2,S1,T2,U3,V3
J:A2,B3,C3,D4,E5,F2,G2,H4,I1,J0,K1,L2,M3,N2,O2,P3,Q3,R3,S2,T3,U4,V2
K:A1,B2,C2,D3,E4,F2,G1,H3,I2,J1,K0,L1,M2,N3,O1,P2,Q4,R3,S2,T3,U3,V1
L:A2,B3,C3,D4,E5,F3,G2,H2,I3,J2,K1,L0,M1,N4,O2,P2,Q5,R4,S3,T4,U3,V2
M:A3,B4,C4,D5,E6,F4,G3,H1,I4,J3,K2,L1,M0,N5,O3,P1,Q6,R5,S4,T3,U2,V2
N:A3,B4,C5,D6,E7,F2,G4,H6,I1,J2,K3,L4,M5,N0,O3,P5,Q1,R2,S2,T3,U4,V4
O:A2,B3,C3,D4,E5,F3,G2,H4,I2,J2,K1,L2,M3,N3,O0,P3,Q3,R2,S1,T2,U3,V2
P:A3,B4,C4,D5,E6,F4,G3,H2,I4,J3,K2,L2,M1,N5,O3,P0,Q5,R4,S3,T2,U1,V1
Q:A4,B5,C6,D7,E8,F3,G5,H7,I2,J3,K4,L5,M6,N1,O3,P5,Q0,R1,S2,T3,U4,V5
R:A4,B5,C5,D6,E7,F3,G4,H6,I2,J3,K3,L4,M5,N2,O2,P4,Q1,R0,S1,T2,U3,V4
S:A3,B4,C4,D5,E6,F2,G3,H5,I1,J2,K2,L3,M4,N2,O1,P3,Q2,R1,S0,T1,U2,V3
T:A4,B5,C5,D6,E7,F3,G4,H4,I2,J3,K3,L4,M3,N3,O2,P2,Q3,R2,S1,T0,U1,V3
U:A4,B5,C5,D6,E7,F4,G4,H3,I3,J4,K3,L3,M2,N4,O3,P1,Q4,R3,S2,T1,U0,V2
V:A2,B3,C3,D4,E5,F3,G2,H3,I3,J2,K1,L2,M2,N4,O2,P1,Q5,R4,S3,T3,U2,V0
-----
