A:A0,B1,C2,D1,E1,F2,H2,J2,K2,L1,N2
B:A1,B0,C1,D2,E2,F1,G2,H3,J3,K3,L2,M2,N1,O3,P2
C:A2,B1,C0,D1,F2,G1,H2,J2,N2,O2,P1
D:A1,B2,C1,D0,E2,F3,G2,H1,I2,J1,K3,L2,N3,O3,P2
E:A1,B2,C3,D2,E0,F1,G2,H1,I2,J3,K1,L2,M2,N3
F:A2,B1,C2,D3,E1,F0,G1,H2,I3,J4,K2,L3,M1,N2,O2,P3
G:A3,B2,C1,D2,E2,F1,G0,H1,I2,J3,M2,N3,O1,P2
H:A2,B3,C2,D1,E1,F2,G1,H0,I1,J2,K2,L3,M3,N4,O2,P3
I:D2,E2,G2,H1,I0,J1,K1,L2,M2,O1,P2
J:A2,B3,C2,D1,E3,F4,G3,H2,I1,J0,K2,L1,M3,N2,O2,P1
K:A2,B3,C4,D3,E1,F2,G3,H2,I1,J2,K0,L1,M1,N2,O2,P3
L:A1,B2,C3,D2,E2,F3,G4,H3,I2,J1,K1,L0,M2,N1,O3,P2
M:A3,B2,C3,D4,E2,F1,G2,H3,I2,J3,K1,L2,M0,N1,O1,P2
N:A2,B1,C2,D3,E3,F2,G3,H4,I3,J2,K2,L1,M1,N0,O2,P1
O:A4,B3,C2,D3,E3,F2,G1,H2,I1,J2,K2,L3,M1,N2,O0,P1
P:A3,B2,C1,D2,E4,F3,G2,H3,I2,J1,K3,L2,M2,N1,O1,P0
-----
A:A0,B1,C2,D1,E1,F2,G3,H2,I3,J2,K2,L1,M3,N2,O4,P3
B:A1,B0,C1,D2,E2,F1,G2,H3,I4,J3,K3,L2,M2,N1,O3,P2
C:A2,B1,C0,D1,E3,F2,G1,H2,I3,J2,K4,L3,M3,N2,O2,P1
D:A1,B2,C1,D0,E2,F3,G2,H1,I2,J1,K3,L2,M4,N3,O3,P2
E:A1,B2,C3,D2,E0,F1,G2,H1,I2,J3,K1,L2,M2,N3,O3,P4
F:A2,B1,C2,D3,E1,F0,G1,H2,I3,J4,K2,L3,M1,N2,O2,P3
G:A3,B2,C1,D2,E2,F1,G0,H1,I2,J3,K3,L4,M2,N3,O1,P2
H:A2,B3,C2,D1,E1,F2,G1,H0,I1,J2,K2,L3,M3,N4,O2,P3
I:A3,B4,C3,D2,E2,F3,G2,H1,I0,J1,K1,L2,M2,N3,O1,P2
J:A2,B3,C2,D1,E3,F4,G3,H2,I1,J0,K2,L1,M3,N2,O2,P1
K:A2,B3,C4,D3,E1,F2,G3,H2,I1,J2,K0,L1,M1,N2,O2,P3
L:A1,B2,C3,D2,E2,F3,G4,H3,I2,J1,K1,L0,M2,N1,O3,P2
M:A3,B2,C3,D4,E2,F1,G2,H3,I2,J3,K1,L2,M0,N1,O1,P2
N:A2,B1,C2,D3,E3,F2,G3,H4,I3,J2,K2,L1,M1,N0,O2,P1
O:A4,B3,C2,D3,E3,F2,G1,H2,I1,J2,K2,L3,M1,N2,O0,P1
P:A3,B2,C1,D2,E4,F3,G2,H3,I2,J1,K3,L2,M2,N1,O1,P0
-----
A:A0,B1,C2,D1,E1,F2,G3,H2,I3,J2,K2,L1,M3,N2,O4,P3
B:A1,B0,C1,D2,E2,F1,G2,H3,I4,J3,K3,L2,M2,N1,O3,P2
C:A2,B1,C0,D1,E3,F2,G1,H2,I3,J2,K4,L3,M3,N2,O2,P1
D:A1,B2,C1,D0,E2,F3,G2,H1,I2,J1,K3,L2,M4,N3,O3,P2
E:A1,B2,C3,D2,E0,F1,G2,H1,I2,J3,K1,L2,M2,N3,O3,P4
F:A2,B1,C2,D3,E1,F0,G1,H2,I3,J4,K2,L3,M1,N2,O2,P3
G:A3,B2,C1,D2,E2,F1,G0,H1,I2,J3,K3,L4,M2,N3,O1,P2
H:A2,B3,C2,D1,E1,F2,G1,H0,I1,J2,K2,L3,M3,N4,O2,P3
I:A3,B4,C3,D2,E2,F3,G2,H1,I0,J1,K1,L2,M2,N3,O1,P2
J:A2,B3,C2,D1,E3,F4,G3,H2,I1,J0,K2,L1,M3,N2,O2,P1
K:A2,B3,C4,D3,E1,F2,G3,H2,I1,J2,K0,L1,M1,N2,O2,P3
L:A1,B2,C3,D2,E2,F3,G4,H3,I2,J1,K1,L0,M2,N1,O3,P2
M:A3,B2,C3,D4,E2,F1,G2,H3,I2,J3,K1,L2,M0,N1,O1,P2
N:A2,B1,C2,D3,E3,F2,G3,H4,I3,J2,K2,L1,M1,N0,O2,P1
O:A4,B3,C2,D3,E3,F2,G1,H2,I1,J2,K2,L3,M1,N2,O0,P1
P:A3,B2,C1,D2,E4,F3,G2,H3,I2,J1,K3,L2,M2,N1,O1,P0
-----
