A:A0,B1,C1,D1,E1,F1,G2,H2,I2,J2,K2,L2,M2,N2,O2,P2,Q2,R2
B:A1,B0,C2,D2,E2,F2,G1,H1,I1,J1,K3,L3,M3,N3,O3,P3,Q3,R3,S2,T2,U2,V2,W2,X2,Y2,Z2
C:A1,B2,C0,D2,E2,F2,G1,H3,I3,J3,K1,L1,M3,N3,O3,P3,Q3,R3,S2,T2
D:A1,B2,C2,D0,E2,F2,G3,H1,I3,J3,K3,L3,M1,N1,O3,P3,Q3,R3,U2,V2
E:A1,B2,C2,D2,E0,F2,G3,H3,I1,J3,K3,L3,M3,N3,O1,P1,Q3,R3,W2,X2
F:A1,B2,C2,D2,E2,F0,G3,H3,I3,J1,K3,L3,M3,N3,O3,P3,Q1,R1,Y2,Z2
G:A2,B1,C1,D3,E3,F3,G0,H2,I2,J2,K2,L2,M4,N4,O4,P4,Q4,R4,S1,T1,U3,V3,W3,X3,Y3,Z3
H:A2,B1,C3,D1,E3,F3,G2,H0,I2,J2,K4,L4,M2,N2,O4,P4,Q4,R4,S3,T3,U1,V1,W3,X3,Y3,Z3
I:A2,B1,C3,D3,E1,F3,G2,H2,I0,J2,K4,L4,M4,N4,O2,P2,Q4,R4,S3,T3,U3,V3,W1,X1,Y3,Z3
J:A2,B1,C3,D3,E3,F1,G2,H2,I2,J0,K4,L4,M4,N4,O4,P4,Q2,R2,S3,T3,U3,V3,W3,X3,Y1,Z1
K:A2,B3,C1,D3,E3,F3,G2,H4,I4,J4,K0,L2,M4,N4,O4,P4,Q4,R4,S3,T3
L:A2,B3,C1,D3,E3,F3,G2,H4,I4,J4,K2,L0,M4,N4,O4,P4,Q4,R4,S3,T3
M:A2,B3,C3,D1,E3,F3,G4,H2,I4,J4,K4,L4,M0,N2,O4,P4,Q4,R4,U3,V3
N:A2,B3,C3,D1,E3,F3,G4,H2,I4,J4,K4,L4,M2,N0,O4,P4,Q4,R4,U3,V3
O:A2,B3,C3,D3,E1,F3,G4,H4,I2,J4,K4,L4,M4,N4,O0,P2,Q4,R4,W3,X3
P:A2,B3,C3,D3,E1,F3,G4,H4,I2,J4,K4,L4,M4,N4,O2,P0,Q4,R4,W3,X3
Q:A2,B3,C3,D3,E3,F1,G4,H4,I4,J2,K4,L4,M4,N4,O4,P4,Q0,R2,Y3,Z3
R:A2,B3,C3,D3,E3,F1,G4,H4,I4,J2,K4,L4,M4,N4,O4,P4,Q2,R0,Y3,Z3
S:A3,B2,C2,D4,E4,F4,G1,H3,I3,J3,K3,L3,M5,N5,O5,P5,Q5,R5,S0,T2,U4,V4,W4,X4,Y4,Z4
T:A3,B2,C2,D4,E4,F4,G1,H3,I3,J3,K3,L3,M5,N5,O5,P5,Q5,R5,S2,T0,U4,V4,W4,X4,Y4,Z4
U:A3,B2,C4,D2,E4,F4,G3,H1,I3,J3,K5,L5,M3,N3,O5,P5,Q5,R5,S4,T4,U0,V2,W4,X4,Y4,Z4
V:A3,B2,C4,D2,E4,F4,G3,H1,I3,J3,K5,L5,M3,N3,O5,P5,Q5,R5,S4,T4,U2,V0,W4,X4,Y4,Z4
W:A3,B2,C4,D4,E2,F4,G3,H3,I1,J3,K5,L5,M5,N5,O3,P3,Q5,R5,S4,T4,U4,V4,W0,X2,Y4,Z4
X:A3,B2,C4,D4,E2,F4,G3,H3,I1,J3,K5,L5,M5,N5,O3,P3,Q5,R5,S4,T4,U4,V4,W2,X0,Y4,Z4
Y:A3,B2,C4,D4,E4,F2,G3,H3,I3,J1,K5,L5,M5,N5,O5,P5,Q3,R3,S4,T4,U4,V4,W4,X4,Y0,Z2
Z:A3,B2,C4,D4,E4,F2,G3,H3,I3,J1,K5,L5,M5,N5,O5,P5,Q3,R3,S4,T4,U4,V4,W4,X4,Y2,Z0
-----
A:A0,B1,C1,D1,E1,F1,G2,H2,I2,J2,K2,L2,M2,N2,O2,P2,Q2,R2,S3,T3,U3,V3,W3,X3,Y3,Z3
B:A1,B0,C2,D2,E2,F2,G1,H1,I1,J1,K3,L3,M3,N3,O3,P3,Q3,R3,S2,T2,U2,V2,W2,X2,Y2,Z2
C:A1,B2,C0,D2,E2,F2,G1,H3,I3,J3,K1,L1,M3,N3,O3,P3,Q3,R3,S2,T2,U4,V4,W4,X4,Y4,Z4
D:A1,B2,C2,D0,E2,F2,G3,H1,I3,J3,K3,L3,M1,N1,O3,P3,Q3,R3,S4,T4,U2,V2,W4,X4,Y4,Z4
E:A1,B2,C2,D2,E0,F2,G3,H3,I1,J3,K3,L3,M3,N3,O1,P1,Q3,R3,S4,T4,U4,V4,W2,X2,Y4,Z4
F:A1,B2,C2,D2,E2,F0,G3,H3,I3,J1,K3,L3,M3,N3,O3,P3,Q1,R1,S4,T4,U4,V4,W4,X4,Y2,Z2
G:A2,B1,C1,D3,E3,F3,G0,H2,I2,J2,K2,L2,M4,N4,O4,P4,Q4,R4,S1,T1,U3,V3,W3,X3,Y3,Z3
H:A2,B1,C3,D1,E3,F3,G2,H0,I2,J2,K4,L4,M2,N2,O4,P4,Q4,R4,S3,T3,U1,V1,W3,X3,Y3,Z3
I:A2,B1,C3,D3,E1,F3,G2,H2,I0,J2,K4,L4,M4,N4,O2,P2,Q4,R4,S3,T3,U3,V3,W1,X1,Y3,Z3
J:A2,B1,C3,D3,E3,F1,G2,H2,I2,J0,K4,L4,M4,N4,O4,P4,Q2,R2,S3,T3,U3,V3,W3,X3,Y1,Z1
K:A2,B3,C1,D3,E3,F3,G2,H4,I4,J4,K0,L2,M4,N4,O4,P4,Q4,R4,S3,T3,U5,V5,W5,X5,Y5,Z5
L:A2,B3,C1,D3,E3,F3,G2,H4,I4,J4,K2,L0,M4,N4,O4,P4,Q4,R4,S3,T3,U5,V5,W5,X5,Y5,Z5
M:A2,B3,C3,D1,E3,F3,G4,H2,I4,J4,K4,L4,M0,N2,O4,P4,Q4,R4,S5,T5,U3,V3,W5,X5,Y5,Z5
N:A2,B3,C3,D1,E3,F3,G4,H2,I4,J4,K4,L4,M2,N0,O4,P4,Q4,R4,S5,T5,U3,V3,W5,X5,Y5,Z5
O:A2,B3,C3,D3,E1,F3,G4,H4,I2,J4,K4,L4,M4,N4,O0,P2,Q4,R4,S5,T5,U5,V5,W3,X3,Y5,Z5
P:A2,B3,C3,D3,E1,F3,G4,H4,I2,J4,K4,L4,M4,N4,O2,P0,Q4,R4,S5,T5,U5,V5,W3,X3,Y5,Z5
Q:A2,B3,C3,D3,E3,F1,G4,H4,I4,J2,K4,L4,M4,N4,O4,P4,Q0,R2,S5,T5,U5,V5,W5,X5,Y3,Z3
R:A2,B3,C3,D3,E3,F1,G4,H4,I4,J2,K4,L4,M4,N4,O4,P4,Q2,R0,S5,T5,U5,V5,W5,X5,Y3,Z3
S:A3,B2,C2,D4,E4,F4,G1,H3,I3,J3,K3,L3,M5,N5,O5,P5,Q5,R5,S0,T2,U4,V4,W4,X4,Y4,Z4
T:A3,B2,C2,D4,E4,F4,G1,H3,I3,J3,K3,L3,M5,N5,O5,P5,Q5,R5,S2,T0,U4,V4,W4,X4,Y4,Z4
U:A3,B2,C4,D2,E4,F4,G3,H1,I3,J3,K5,L5,M3,N3,O5,P5,Q5,R5,S4,T4,U0,V2,W4,X4,Y4,Z4
V:A3,B2,C4,D2,E4,F4,G3,H1,I3,J3,K5,L5,M3,N3,O5,P5,Q5,R5,S4,T4,U2,V0,W4,X4,Y4,Z4
W:A3,B2,C4,D4,E2,F4,G3,H3,I1,J3,K5,L5,M5,N5,O3,P3,Q5,R5,S4,T4,U4,V4,W0,X2,Y4,Z4
X:A3,B2,C4,D4,E2,F4,G3,H3,I1,J3,K5,L5,M5,N5,O3,P3,Q5,R5,S4,T4,U4,V4,W2,X0,Y4,Z4
Y:A3,B2,C4,D4,E4,F2,G3,H3,I3,J1,K5,L5,M5,N5,O5,P5,Q3,R3,S4,T4,U4,V4,W4,X4,Y0,Z2
Z:A3,B2,C4,D4,E4,F2,G3,H3,I3,J1,K5,L5,M5,N5,O5,P5,Q3,R3,S4,T4,U4,V4,W4,X4,Y2,Z0
-----
A:A0,B1,C1,D1,E1,F1,G2,H2,I2,J2,K2,L2,M2,N2,O2,P2,Q2,R2,S3,T3,U3,V3,W3,X3,Y3,Z3
B:A1,B0,C2,D2,E2,F2,G1,H1,I1,J1,K3,L3,M3,N3,O3,P3,Q3,R3,S2,T2,U2,V2,W2,X2,Y2,Z2
C:A1,B2,C0,D2,E2,F2,G1,H3,I3,J3,K1,L1,M3,N3,O3,P3,Q3,R3,S2,T2,U4,V4,W4,X4,Y4,Z4
D:A1,B2,C2,D0,E2,F2,G3,H1,I3,J3,K3,L3,M1,N1,O3,P3,Q3,R3,S4,T4,U2,V2,W4,X4,Y4,Z4
E:A1,B2,C2,D2,E0,F2,G3,H3,I1,J3,K3,L3,M3,N3,O1,P1,Q3,R3,S4,T4,U4,V4,W2,X2,Y4,Z4
F:A1,B2,C2,D2,E2,F0,G3,H3,I3,J1,K3,L3,M3,N3,O3,P3,Q1,R1,S4,T4,U4,V4,W4,X4,Y2,Z2
G:A2,B1,C1,D3,E3,F3,G0,H2,I2,J2,K2,L2,M4,N4,O4,P4,Q4,R4,S1,T1,U3,V3,W3,X3,Y3,Z3
H:A2,B1,C3,D1,E3,F3,G2,H0,I2,J2,K4,L4,M2,N2,O4,P4,Q4,R4,S3,T3,U1,V1,W3,X3,Y3,Z3
I:A2,B1,C3,D3,E1,F3,G2,H2,I0,J2,K4,L4,M4,N4,O2,P2,Q4,R4,S3,T3,U3,V3,W1,X1,Y3,Z3
J:A2,B1,C3,D3,E3,F1,G2,H2,I2,J0,K4,L4,M4,N4,O4,P4,Q2,R2,S3,T3,U3,V3,W3,X3,Y1,Z1
K:A2,B3,C1,D3,E3,F3,G2,H4,I4,J4,K0,L2,M4,N4,O4,P4,Q4,R4,S3,T3,U5,V5,W5,X5,Y5,Z5
L:A2,B3,C1,D3,E3,F3,G2,H4,I4,J4,K2,L0,M4,N4,O4,P4,Q4,R4,S3,T3,U5,V5,W5,X5,Y5,Z5
M:A2,B3,C3,D1,E3,F3,G4,H2,I4,J4,K4,L4,M0,N2,O4,P4,Q4,R4,S5,T5,U3,V3,W5,X5,Y5,Z5
N:A2,B3,C3,D1,E3,F3,G4,H2,I4,J4,K4,L4,M2,N0,O4,P4,Q4,R4,S5,T5,U3,V3,W5,X5,Y5,Z5
O:A2,B3,C3,D3,E1,F3,G4,H4,I2,J4,K4,L4,M4,N4,O0,P2,Q4,R4,S5,T5,U5,V5,W3,X3,Y5,Z5
P:A2,B3,C3,D3,E1,F3,G4,H4,I2,J4,K4,L4,M4,N4,O2,P0,Q4,R4,S5,T5,U5,V5,W3,X3,Y5,Z5
Q:A2,B3,C3,D3,E3,F1,G4,H4,I4,J2,K4,L4,M4,N4,O4,P4,Q0,R2,S5,T5,U5,V5,W5,X5,Y3,Z3
R:A2,B3,C3,D3,E3,F1,G4,H4,I4,J2,K4,L4,M4,N4,O4,P4,Q2,R0,S5,T5,U5,V5,W5,X5,Y3,Z3
S:A3,B2,C2,D4,E4,F4,G1,H3,I3,J3,K3,L3,M5,N5,O5,P5,Q5,R5,S0,T2,U4,V4,W4,X4,Y4,Z4
T:A3,B2,C2,D4,E4,F4,G1,H3,I3,J3,K3,L3,M5,N5,O5,P5,Q5,R5,S2,T0,U4,V4,W4,X4,Y4,Z4
U:A3,B2,C4,D2,E4,F4,G3,H1,I3,J3,K5,L5,M3,N3,O5,P5,Q5,R5,S4,T4,U0,V2,W4,X4,Y4,Z4
V:A3,B2,C4,D2,E4,F4,G3,H1,I3,J3,K5,L5,M3,N3,O5,P5,Q5,R5,S4,T4,U2,V0,W4,X4,Y4,Z4
W:A3,B2,C4,D4,E2,F4,G3,H3,I1,J3,K5,L5,M5,N5,O3,P3,Q5,R5,S4,T4,U4,V4,W0,X2,Y4,Z4
X:A3,B2,C4,D4,E2,F4,G3,H3,I1,J3,K5,L5,M5,N5,O3,P3,Q5,R5,S4,T4,U4,V4,W2,X0,Y4,Z4
Y:A3,B2,C4,D4,E4,F2,G3,H3,I3,J1,K5,L5,M5,N5,O5,P5,Q3,R3,S4,T4,U4,V4,W4,X4,Y0,Z2
Z:A3,B2,C4,D4,E4,F2,G3,H3,I3,J1,K5,L5,M5,N5,O5,P5,Q3,R3,S4,T4,U4,V4,W4,X4,Y2,Z0
-----
